#
# There is insufficient memory for the Java Runtime Environment to continue.
# Native memory allocation (mmap) failed to map 134217728 bytes. Error detail: G1 virtual space
# Possible reasons:
#   The system is out of physical RAM or swap space
#   This process is running with CompressedOops enabled, and the Java Heap may be blocking the growth of the native heap
# Possible solutions:
#   Reduce memory load on the system
#   Increase physical memory or swap space
#   Check if swap backing store is full
#   Decrease Java heap size (-Xmx/-Xms)
#   Decrease number of Java threads
#   Decrease Java thread stack sizes (-Xss)
#   Set larger code cache with -XX:ReservedCodeCacheSize=
#   JVM is running with Unscaled Compressed Oops mode in which the Java heap is
#     placed in the first 4GB address space. The Java Heap base address is the
#     maximum limit for the native heap growth. Please use -XX:HeapBaseMinAddress
#     to set the Java Heap base and to place the Java Heap above 4GB virtual address.
# This output file may be truncated or incomplete.
#
#  Out of Memory Error (os_windows.cpp:3613), pid=14436, tid=3388
#
# JRE version:  (17.0.12+7) (build )
# Java VM: OpenJDK 64-Bit Server VM (17.0.12+7-LTS, mixed mode, sharing, tiered, compressed oops, compressed class ptrs, g1 gc, windows-amd64)
# No core dump will be written. Minidumps are not enabled by default on client versions of Windows
#

---------------  S U M M A R Y ------------

Command Line: -Dmaven.multiModuleProjectDirectory=C:\Users\KraftWork\Desktop\SPBWS\Spring_L\e-com\services\config-service -Djansi.passthrough=true -Dmaven.home=C:\Users\KraftWork\Downloads\ideaIU-2024.2.1.win\plugins\maven\lib\maven3 -Dclassworlds.conf=C:\Users\KraftWork\Downloads\ideaIU-2024.2.1.win\plugins\maven\lib\maven3\bin\m2.conf -Dmaven.ext.class.path=C:\Users\KraftWork\Downloads\ideaIU-2024.2.1.win\plugins\maven\lib\maven-event-listener.jar -javaagent:C:\Users\KraftWork\Downloads\ideaIU-2024.2.1.win\lib\idea_rt.jar=56670:C:\Users\KraftWork\Downloads\ideaIU-2024.2.1.win\bin -Dfile.encoding=UTF-8 org.codehaus.classworlds.Launcher -Didea.version=2024.2.1 clean

Host: Intel(R) Core(TM) i5-8250U CPU @ 1.60GHz, 8 cores, 7G,  Windows 11 , 64 bit Build 22621 (10.0.22621.3958)
Time: Tue Oct 15 16:31:35 2024 Myanmar Standard Time elapsed time: 0.043891 seconds (0d 0h 0m 0s)

---------------  T H R E A D  ---------------

Current thread (0x000001b549b1d190):  JavaThread "Unknown thread" [_thread_in_vm, id=3388, stack(0x000000053e800000,0x000000053e900000)]

Stack: [0x000000053e800000,0x000000053e900000]
Native frames: (J=compiled Java code, j=interpreted, Vv=VM code, C=native code)
V  [jvm.dll+0x67f4f9]
V  [jvm.dll+0x836eaa]
V  [jvm.dll+0x83896e]
V  [jvm.dll+0x838fd3]
V  [jvm.dll+0x247f6f]
V  [jvm.dll+0x67c2b9]
V  [jvm.dll+0x670d7a]
V  [jvm.dll+0x307b5b]
V  [jvm.dll+0x30f046]
V  [jvm.dll+0x35f22e]
V  [jvm.dll+0x35f46f]
V  [jvm.dll+0x2deb7c]
V  [jvm.dll+0x2dfad4]
V  [jvm.dll+0x80870b]
V  [jvm.dll+0x36cfa1]
V  [jvm.dll+0x7e70f5]
V  [jvm.dll+0x3f0adf]
V  [jvm.dll+0x3f2631]
C  [jli.dll+0x528f]
C  [ucrtbase.dll+0x29333]
C  [KERNEL32.DLL+0x1257d]
C  [ntdll.dll+0x5af08]


---------------  P R O C E S S  ---------------

Threads class SMR info:
_java_thread_list=0x00007ffb155d6f18, length=0, elements={
}

Java Threads: ( => current thread )

Other Threads:
  0x000001b549b7a480 GCTaskThread "GC Thread#0" [stack: 0x000000053e900000,0x000000053ea00000] [id=2400]
  0x000001b549b86a20 ConcurrentGCThread "G1 Main Marker" [stack: 0x000000053ea00000,0x000000053eb00000] [id=11712]
  0x000001b549b87250 ConcurrentGCThread "G1 Conc#0" [stack: 0x000000053eb00000,0x000000053ec00000] [id=15880]

[error occurred during error reporting (printing all threads), id 0xc0000005, EXCEPTION_ACCESS_VIOLATION (0xc0000005) at pc=0x00007ffb14d8f277]

VM state: not at safepoint (not fully initialized)

VM Mutex/Monitor currently owned by a thread:  ([mutex/lock_event])
[0x000001b549b18ba0] Heap_lock - owner thread: 0x000001b549b1d190

Heap address: 0x0000000081e00000, size: 2018 MB, Compressed Oops mode: 32-bit

CDS archive(s) mapped at: [0x0000000000000000-0x0000000000000000-0x0000000000000000), size 0, SharedBaseAddress: 0x0000000800000000, ArchiveRelocationMode: 1.
Narrow klass base: 0x0000000000000000, Narrow klass shift: 0, Narrow klass range: 0x0

GC Precious Log:
<Empty>

Heap:
 garbage-first heap   total 0K, used 0K [0x0000000081e00000, 0x0000000100000000)
  region size 1024K, 0 young (0K), 0 survivors (0K)

[error occurred during error reporting (printing heap information), id 0xc0000005, EXCEPTION_ACCESS_VIOLATION (0xc0000005) at pc=0x00007ffb15178829]

GC Heap History (0 events):
No events

Dll operation events (1 events):
Event: 0.032 Loaded shared library C:\Users\KraftWork\.jdks\corretto-17.0.12\bin\java.dll

Deoptimization events (0 events):
No events

Classes loaded (0 events):
No events

Classes unloaded (0 events):
No events

Classes redefined (0 events):
No events

Internal exceptions (0 events):
No events

VM Operations (0 events):
No events

Events (0 events):
No events


Dynamic libraries:
0x00007ff720ef0000 - 0x00007ff720efe000 	C:\Users\KraftWork\.jdks\corretto-17.0.12\bin\java.exe
0x00007ffb79fd0000 - 0x00007ffb7a1e7000 	C:\WINDOWS\SYSTEM32\ntdll.dll
0x00007ffb78cc0000 - 0x00007ffb78d84000 	C:\WINDOWS\System32\KERNEL32.DLL
0x00007ffb77940000 - 0x00007ffb77cf7000 	C:\WINDOWS\System32\KERNELBASE.dll
0x00007ffb77390000 - 0x00007ffb774a1000 	C:\WINDOWS\System32\ucrtbase.dll
0x00007ffb62e80000 - 0x00007ffb62e97000 	C:\Users\KraftWork\.jdks\corretto-17.0.12\bin\jli.dll
0x00007ffb62e60000 - 0x00007ffb62e7b000 	C:\Users\KraftWork\.jdks\corretto-17.0.12\bin\VCRUNTIME140.dll
0x00007ffb790f0000 - 0x00007ffb7929f000 	C:\WINDOWS\System32\USER32.dll
0x00007ffb772e0000 - 0x00007ffb77306000 	C:\WINDOWS\System32\win32u.dll
0x00007ffb78540000 - 0x00007ffb78569000 	C:\WINDOWS\System32\GDI32.dll
0x00007ffb774b0000 - 0x00007ffb775c8000 	C:\WINDOWS\System32\gdi32full.dll
0x00007ffb77640000 - 0x00007ffb776da000 	C:\WINDOWS\System32\msvcp_win.dll
0x00007ffb68df0000 - 0x00007ffb69083000 	C:\WINDOWS\WinSxS\amd64_microsoft.windows.common-controls_6595b64144ccf1df_6.0.22621.3672_none_2713b9d173822955\COMCTL32.dll
0x00007ffb792a0000 - 0x00007ffb79347000 	C:\WINDOWS\System32\msvcrt.dll
0x00007ffb78f70000 - 0x00007ffb78fa1000 	C:\WINDOWS\System32\IMM32.DLL
0x00007ffb73540000 - 0x00007ffb7354c000 	C:\Users\KraftWork\.jdks\corretto-17.0.12\bin\vcruntime140_1.dll
0x00007ffb5f730000 - 0x00007ffb5f7bd000 	C:\Users\KraftWork\.jdks\corretto-17.0.12\bin\msvcp140.dll
0x00007ffb14aa0000 - 0x00007ffb1570a000 	C:\Users\KraftWork\.jdks\corretto-17.0.12\bin\server\jvm.dll
0x00007ffb782b0000 - 0x00007ffb78362000 	C:\WINDOWS\System32\ADVAPI32.dll
0x00007ffb77d00000 - 0x00007ffb77da8000 	C:\WINDOWS\System32\sechost.dll
0x00007ffb777a0000 - 0x00007ffb777c8000 	C:\WINDOWS\System32\bcrypt.dll
0x00007ffb79c10000 - 0x00007ffb79d24000 	C:\WINDOWS\System32\RPCRT4.dll
0x00007ffb78d90000 - 0x00007ffb78e01000 	C:\WINDOWS\System32\WS2_32.dll
0x00007ffb771b0000 - 0x00007ffb771fd000 	C:\WINDOWS\SYSTEM32\POWRPROF.dll
0x00007ffb74eb0000 - 0x00007ffb74eba000 	C:\WINDOWS\SYSTEM32\VERSION.dll
0x00007ffb712f0000 - 0x00007ffb71324000 	C:\WINDOWS\SYSTEM32\WINMM.dll
0x00007ffb77190000 - 0x00007ffb771a3000 	C:\WINDOWS\SYSTEM32\UMPDC.dll
0x00007ffb762f0000 - 0x00007ffb76308000 	C:\WINDOWS\SYSTEM32\kernel.appcore.dll
0x00007ffb6f190000 - 0x00007ffb6f19a000 	C:\Users\KraftWork\.jdks\corretto-17.0.12\bin\jimage.dll
0x00007ffb70660000 - 0x00007ffb70892000 	C:\WINDOWS\SYSTEM32\DBGHELP.DLL
0x00007ffb785d0000 - 0x00007ffb7895e000 	C:\WINDOWS\System32\combase.dll
0x00007ffb79eb0000 - 0x00007ffb79f87000 	C:\WINDOWS\System32\OLEAUT32.dll
0x00007ffb70470000 - 0x00007ffb704a2000 	C:\WINDOWS\SYSTEM32\dbgcore.DLL
0x00007ffb77310000 - 0x00007ffb7738b000 	C:\WINDOWS\System32\bcryptPrimitives.dll
0x00007ffb68dc0000 - 0x00007ffb68dce000 	C:\Users\KraftWork\.jdks\corretto-17.0.12\bin\instrument.dll
0x00007ffb5f700000 - 0x00007ffb5f725000 	C:\Users\KraftWork\.jdks\corretto-17.0.12\bin\java.dll

dbghelp: loaded successfully - version: 4.0.5 - missing functions: none
symbol engine: initialized successfully - sym options: 0x614 - pdb path: .;C:\Users\KraftWork\.jdks\corretto-17.0.12\bin;C:\WINDOWS\SYSTEM32;C:\WINDOWS\WinSxS\amd64_microsoft.windows.common-controls_6595b64144ccf1df_6.0.22621.3672_none_2713b9d173822955;C:\Users\KraftWork\.jdks\corretto-17.0.12\bin\server

VM Arguments:
jvm_args: -Dmaven.multiModuleProjectDirectory=C:\Users\KraftWork\Desktop\SPBWS\Spring_L\e-com\services\config-service -Djansi.passthrough=true -Dmaven.home=C:\Users\KraftWork\Downloads\ideaIU-2024.2.1.win\plugins\maven\lib\maven3 -Dclassworlds.conf=C:\Users\KraftWork\Downloads\ideaIU-2024.2.1.win\plugins\maven\lib\maven3\bin\m2.conf -Dmaven.ext.class.path=C:\Users\KraftWork\Downloads\ideaIU-2024.2.1.win\plugins\maven\lib\maven-event-listener.jar -javaagent:C:\Users\KraftWork\Downloads\ideaIU-2024.2.1.win\lib\idea_rt.jar=56670:C:\Users\KraftWork\Downloads\ideaIU-2024.2.1.win\bin -Dfile.encoding=UTF-8 
java_command: org.codehaus.classworlds.Launcher -Didea.version=2024.2.1 clean
java_class_path (initial): C:\Users\KraftWork\Downloads\ideaIU-2024.2.1.win\plugins\maven\lib\maven3\boot\plexus-classworlds-2.8.0.jar;C:\Users\KraftWork\Downloads\ideaIU-2024.2.1.win\plugins\maven\lib\maven3\boot\plexus-classworlds.license
Launcher Type: SUN_STANDARD

[Global flags]
     intx CICompilerCount                          = 4                                         {product} {ergonomic}
     uint ConcGCThreads                            = 2                                         {product} {ergonomic}
     uint G1ConcRefinementThreads                  = 8                                         {product} {ergonomic}
   size_t G1HeapRegionSize                         = 1048576                                   {product} {ergonomic}
    uintx GCDrainStackTargetSize                   = 64                                        {product} {ergonomic}
   size_t InitialHeapSize                          = 134217728                                 {product} {ergonomic}
   size_t MarkStackSize                            = 4194304                                   {product} {ergonomic}
   size_t MaxHeapSize                              = 2116026368                                {product} {ergonomic}
   size_t MinHeapDeltaBytes                        = 1048576                                   {product} {ergonomic}
   size_t MinHeapSize                              = 8388608                                   {product} {ergonomic}
    uintx NonNMethodCodeHeapSize                   = 5839372                                {pd product} {ergonomic}
    uintx NonProfiledCodeHeapSize                  = 122909434                              {pd product} {ergonomic}
    uintx ProfiledCodeHeapSize                     = 122909434                              {pd product} {ergonomic}
    uintx ReservedCodeCacheSize                    = 251658240                              {pd product} {ergonomic}
     bool SegmentedCodeCache                       = true                                      {product} {ergonomic}
   size_t SoftMaxHeapSize                          = 2116026368                             {manageable} {ergonomic}
     bool UseCompressedClassPointers               = true                           {product lp64_product} {ergonomic}
     bool UseCompressedOops                        = true                           {product lp64_product} {ergonomic}
     bool UseG1GC                                  = true                                      {product} {ergonomic}
     bool UseLargePagesIndividualAllocation        = false                                  {pd product} {ergonomic}

Logging:
Log output configuration:
 #0: stdout all=warning uptime,level,tags
 #1: stderr all=off uptime,level,tags

Environment Variables:
PATH=C:\WINDOWS\system32;C:\WINDOWS;C:\WINDOWS\System32\Wbem;C:\WINDOWS\System32\WindowsPowerShell\v1.0\;C:\WINDOWS\System32\OpenSSH\;C:\Users\KraftWork\xampp;C:\Users\KraftWork\xampp\htdocs;C:\xampp;C:\xampp\php;C:\ProgramData\ComposerSetup\bin;C:\Users\KraftWork\Desktop\apache-maven-3.9.4;C:\Users\KraftWork\Desktop\jdk-17.0.9\bin;C:\Program Files\Cloudflare\Cloudflare WARP\;C:\Program Files\Microsoft SQL Server\Client SDK\ODBC\170\Tools\Binn\;C:\Program Files\dotnet\;C:\Program Files (x86)\Microsoft SQL Server\160\DTS\Binn\;C:\Users\KraftWork\Downloads\apache-maven-3.9.8-bin\apache-maven-3.9.8\lib;C:\Program Files\nodejs\;C:\Program Files\GitAdmin\cmd;C:\Users\KraftWork\Downloads\go1.22.6.windows-amd64\go\bin;C:\Users\KraftWork\Documents\ffmpeg\ffmpeg-7.0.2-essentials_build\bin;C:\Program Files\OpenSSL-Win64\bin;C:\Program Files\Docker\Docker\resources\bin;C:\Users\KraftWork\AppData\Local\Programs\Python\Python312;C:\Users\KraftWork\AppData\Local\Programs\Python\Launcher\;C:\xampp\php;C:\Users\KraftWork\AppData\Local\Microsoft\WindowsApps;C:\Users\KraftWork\AppData\Local\Programs\Microsoft VS Code\bin;C:\Users\KraftWork\xampp\phpMyAdmin\vendor\composer;C:\Users\KraftWork\Downloads\unzip-5.51-1-bin;C:\ProgramData\Microsoft\Windows\Start Menu\Programs\Node.js;C:\Users\KraftWork\AppData\Local\Programs\Git\cmd;C:\Users\KraftWork\xampp\htdocs;C:\Users\KraftWork\AppData\Local\ComposerSetup\bin;C:\Users\KraftWork\AppData\Roaming\Composer\vendor\bin;C:\Program Files\Java\bin;C:\Users\KraftWork\tools;C:\Program Files\MySQL\MySQL Server 8.0\bin;C:\Users\KraftWork\AppData\Local\GitHubDesktop\bin;C:\Users\KraftWork\.dotnet\tools;C:\Users\KraftWork\AppData\Roaming\npm
USERNAME=KraftWork
OS=Windows_NT
PROCESSOR_IDENTIFIER=Intel64 Family 6 Model 142 Stepping 10, GenuineIntel
TMP=C:\Users\KRAFTW~1\AppData\Local\Temp
TEMP=C:\Users\KRAFTW~1\AppData\Local\Temp



Periodic native trim disabled


---------------  S Y S T E M  ---------------

OS:
 Windows 11 , 64 bit Build 22621 (10.0.22621.3958)
OS uptime: 1 days 20:28 hours
Hyper-V role detected

CPU: total 8 (initial active 8) (4 cores per cpu, 2 threads per core) family 6 model 142 stepping 10 microcode 0xea, cx8, cmov, fxsr, ht, mmx, 3dnowpref, sse, sse2, sse3, ssse3, sse4.1, sse4.2, popcnt, lzcnt, tsc, tscinvbit, avx, avx2, aes, erms, clmul, bmi1, bmi2, adx, fma, vzeroupper, clflush, clflushopt, hv
Processor Information for all 8 processors :
  Max Mhz: 1800, Current Mhz: 1600, Mhz Limit: 1584

Memory: 4k page, system-wide physical 8070M (246M free)
TotalPageFile size 32646M (AvailPageFile size 126M)
current process WorkingSet (physical memory assigned to process): 11M, peak: 11M
current process commit charge ("private bytes"): 60M, peak: 188M

vm_info: OpenJDK 64-Bit Server VM (17.0.12+7-LTS) for windows-amd64 JRE (17.0.12+7-LTS), built on Jul 10 2024 20:46:33 by "Administrator" with MS VC++ 16.10 / 16.11 (VS2019)

END.
