#
# There is insufficient memory for the Java Runtime Environment to continue.
# Native memory allocation (malloc) failed to allocate 1047216 bytes. Error detail: Chunk::new
# Possible reasons:
#   The system is out of physical RAM or swap space
#   This process is running with CompressedOops enabled, and the Java Heap may be blocking the growth of the native heap
# Possible solutions:
#   Reduce memory load on the system
#   Increase physical memory or swap space
#   Check if swap backing store is full
#   Decrease Java heap size (-Xmx/-Xms)
#   Decrease number of Java threads
#   Decrease Java thread stack sizes (-Xss)
#   Set larger code cache with -XX:ReservedCodeCacheSize=
#   JVM is running with Unscaled Compressed Oops mode in which the Java heap is
#     placed in the first 4GB address space. The Java Heap base address is the
#     maximum limit for the native heap growth. Please use -XX:HeapBaseMinAddress
#     to set the Java Heap base and to place the Java Heap above 4GB virtual address.
# This output file may be truncated or incomplete.
#
#  Out of Memory Error (arena.cpp:191), pid=21344, tid=23008
#
# JRE version: OpenJDK Runtime Environment Corretto-17.0.12.7.1 (17.0.12+7) (build 17.0.12+7-LTS)
# Java VM: OpenJDK 64-Bit Server VM Corretto-17.0.12.7.1 (17.0.12+7-LTS, mixed mode, sharing, tiered, compressed oops, compressed class ptrs, g1 gc, windows-amd64)
# No core dump will be written. Minidumps are not enabled by default on client versions of Windows
#

---------------  S U M M A R Y ------------

Command Line: -Dmaven.multiModuleProjectDirectory=C:\Users\KraftWork\Desktop\SPBWS\Spring_L\e-com\services\config-service -Djansi.passthrough=true -Dmaven.home=C:\Users\KraftWork\Downloads\ideaIU-2024.2.1.win\plugins\maven\lib\maven3 -Dclassworlds.conf=C:\Users\KraftWork\Downloads\ideaIU-2024.2.1.win\plugins\maven\lib\maven3\bin\m2.conf -Dmaven.ext.class.path=C:\Users\KraftWork\Downloads\ideaIU-2024.2.1.win\plugins\maven\lib\maven-event-listener.jar -javaagent:C:\Users\KraftWork\Downloads\ideaIU-2024.2.1.win\lib\idea_rt.jar=56776:C:\Users\KraftWork\Downloads\ideaIU-2024.2.1.win\bin -Dfile.encoding=UTF-8 org.codehaus.classworlds.Launcher -Didea.version=2024.2.1 install

Host: Intel(R) Core(TM) i5-8250U CPU @ 1.60GHz, 8 cores, 7G,  Windows 11 , 64 bit Build 22621 (10.0.22621.3958)
Time: Tue Oct 15 16:34:01 2024 Myanmar Standard Time elapsed time: 1.584996 seconds (0d 0h 0m 1s)

---------------  T H R E A D  ---------------

Current thread (0x000001f84e7e9910):  JavaThread "C2 CompilerThread0" daemon [_thread_in_native, id=23008, stack(0x00000043cf400000,0x00000043cf500000)]


Current CompileTask:
C2:   1585  719       4       java.util.jar.JarFile::getEntry (35 bytes)

Stack: [0x00000043cf400000,0x00000043cf500000]
Native frames: (J=compiled Java code, j=interpreted, Vv=VM code, C=native code)
V  [jvm.dll+0x67f4f9]
V  [jvm.dll+0x836eaa]
V  [jvm.dll+0x83896e]
V  [jvm.dll+0x838fd3]
V  [jvm.dll+0x247f6f]
V  [jvm.dll+0xac9d4]
V  [jvm.dll+0xad01c]
V  [jvm.dll+0x367097]
V  [jvm.dll+0x33156a]
V  [jvm.dll+0x330a0a]
V  [jvm.dll+0x21a501]
V  [jvm.dll+0x219941]
V  [jvm.dll+0x1a57bd]
V  [jvm.dll+0x22966d]
V  [jvm.dll+0x22781c]
V  [jvm.dll+0x7ebec7]
V  [jvm.dll+0x7e62ac]
V  [jvm.dll+0x67e3c7]
C  [ucrtbase.dll+0x29333]
C  [KERNEL32.DLL+0x1257d]
C  [ntdll.dll+0x5af08]


---------------  P R O C E S S  ---------------

Threads class SMR info:
_java_thread_list=0x000001f89405c8d0, length=13, elements={
0x000001f830439590, 0x000001f84e7ce410, 0x000001f84e7d0150, 0x000001f84e7e3080,
0x000001f84e7e3b50, 0x000001f84e7e6430, 0x000001f84e7e8d10, 0x000001f84e7e9910,
0x000001f84e7f0240, 0x000001f84e7f2b00, 0x000001f84e7b8e50, 0x000001f84ea914b0,
0x000001f84ea91990
}

Java Threads: ( => current thread )
  0x000001f830439590 JavaThread "main" [_thread_in_vm, id=11824, stack(0x00000043ce700000,0x00000043ce800000)]
  0x000001f84e7ce410 JavaThread "Reference Handler" daemon [_thread_blocked, id=28988, stack(0x00000043cee00000,0x00000043cef00000)]
  0x000001f84e7d0150 JavaThread "Finalizer" daemon [_thread_blocked, id=17956, stack(0x00000043cef00000,0x00000043cf000000)]
  0x000001f84e7e3080 JavaThread "Signal Dispatcher" daemon [_thread_blocked, id=27376, stack(0x00000043cf000000,0x00000043cf100000)]
  0x000001f84e7e3b50 JavaThread "Attach Listener" daemon [_thread_blocked, id=27752, stack(0x00000043cf100000,0x00000043cf200000)]
  0x000001f84e7e6430 JavaThread "Service Thread" daemon [_thread_blocked, id=17400, stack(0x00000043cf200000,0x00000043cf300000)]
  0x000001f84e7e8d10 JavaThread "Monitor Deflation Thread" daemon [_thread_blocked, id=12016, stack(0x00000043cf300000,0x00000043cf400000)]
=>0x000001f84e7e9910 JavaThread "C2 CompilerThread0" daemon [_thread_in_native, id=23008, stack(0x00000043cf400000,0x00000043cf500000)]
  0x000001f84e7f0240 JavaThread "C1 CompilerThread0" daemon [_thread_blocked, id=28304, stack(0x00000043cf500000,0x00000043cf600000)]
  0x000001f84e7f2b00 JavaThread "Sweeper thread" daemon [_thread_blocked, id=22828, stack(0x00000043cf600000,0x00000043cf700000)]
  0x000001f84e7b8e50 JavaThread "Common-Cleaner" daemon [_thread_blocked, id=20960, stack(0x00000043cf700000,0x00000043cf800000)]
  0x000001f84ea914b0 JavaThread "Monitor Ctrl-Break" daemon [_thread_in_native, id=13432, stack(0x00000043cf800000,0x00000043cf900000)]
  0x000001f84ea91990 JavaThread "Notification Thread" daemon [_thread_blocked, id=9992, stack(0x00000043cf900000,0x00000043cfa00000)]

Other Threads:
  0x000001f84e7c9250 VMThread "VM Thread" [stack: 0x00000043ced00000,0x00000043cee00000] [id=21720]
  0x000001f83043a220 WatcherThread [stack: 0x00000043cfa00000,0x00000043cfb00000] [id=16584]
  0x000001f830494460 GCTaskThread "GC Thread#0" [stack: 0x00000043ce800000,0x00000043ce900000] [id=23604]
  0x000001f8304a4f00 ConcurrentGCThread "G1 Main Marker" [stack: 0x00000043ce900000,0x00000043cea00000] [id=23784]
  0x000001f8304a5830 ConcurrentGCThread "G1 Conc#0" [stack: 0x00000043cea00000,0x00000043ceb00000] [id=19740]
  0x000001f84e682870 ConcurrentGCThread "G1 Refine#0" [stack: 0x00000043ceb00000,0x00000043cec00000] [id=27908]
  0x000001f84e6831b0 ConcurrentGCThread "G1 Service" [stack: 0x00000043cec00000,0x00000043ced00000] [id=29160]

Threads with active compile tasks:
C2 CompilerThread0     1649  719       4       java.util.jar.JarFile::getEntry (35 bytes)

VM state: not at safepoint (normal execution)

VM Mutex/Monitor currently owned by a thread: None

Heap address: 0x0000000081e00000, size: 2018 MB, Compressed Oops mode: 32-bit

CDS archive(s) mapped at: [0x000001f84f000000-0x000001f84fbb0000-0x000001f84fbb0000), size 12255232, SharedBaseAddress: 0x000001f84f000000, ArchiveRelocationMode: 1.
Compressed class space mapped at: 0x000001f850000000-0x000001f890000000, reserved size: 1073741824
Narrow klass base: 0x000001f84f000000, Narrow klass shift: 0, Narrow klass range: 0x100000000

GC Precious Log:
 CPUs: 8 total, 8 available
 Memory: 8070M
 Large Page Support: Disabled
 NUMA Support: Disabled
 Compressed Oops: Enabled (32-bit)
 Heap Region Size: 1M
 Heap Min Capacity: 8M
 Heap Initial Capacity: 128M
 Heap Max Capacity: 2018M
 Pre-touch: Disabled
 Parallel Workers: 8
 Concurrent Workers: 2
 Concurrent Refinement Workers: 8
 Periodic GC: Disabled

Heap:
 garbage-first heap   total 131072K, used 13312K [0x0000000081e00000, 0x0000000100000000)
  region size 1024K, 15 young (15360K), 0 survivors (0K)
 Metaspace       used 3980K, committed 4160K, reserved 1114112K
  class space    used 425K, committed 512K, reserved 1048576K

Heap Regions: E=young(eden), S=young(survivor), O=old, HS=humongous(starts), HC=humongous(continues), CS=collection set, F=free, OA=open archive, CA=closed archive, TAMS=top-at-mark-start (previous, next)
|   0|0x0000000081e00000, 0x0000000081e00000, 0x0000000081f00000|  0%| F|  |TAMS 0x0000000081e00000, 0x0000000081e00000| Untracked 
|   1|0x0000000081f00000, 0x0000000081f00000, 0x0000000082000000|  0%| F|  |TAMS 0x0000000081f00000, 0x0000000081f00000| Untracked 
|   2|0x0000000082000000, 0x0000000082000000, 0x0000000082100000|  0%| F|  |TAMS 0x0000000082000000, 0x0000000082000000| Untracked 
|   3|0x0000000082100000, 0x0000000082100000, 0x0000000082200000|  0%| F|  |TAMS 0x0000000082100000, 0x0000000082100000| Untracked 
|   4|0x0000000082200000, 0x0000000082200000, 0x0000000082300000|  0%| F|  |TAMS 0x0000000082200000, 0x0000000082200000| Untracked 
|   5|0x0000000082300000, 0x0000000082300000, 0x0000000082400000|  0%| F|  |TAMS 0x0000000082300000, 0x0000000082300000| Untracked 
|   6|0x0000000082400000, 0x0000000082400000, 0x0000000082500000|  0%| F|  |TAMS 0x0000000082400000, 0x0000000082400000| Untracked 
|   7|0x0000000082500000, 0x0000000082500000, 0x0000000082600000|  0%| F|  |TAMS 0x0000000082500000, 0x0000000082500000| Untracked 
|   8|0x0000000082600000, 0x0000000082600000, 0x0000000082700000|  0%| F|  |TAMS 0x0000000082600000, 0x0000000082600000| Untracked 
|   9|0x0000000082700000, 0x0000000082700000, 0x0000000082800000|  0%| F|  |TAMS 0x0000000082700000, 0x0000000082700000| Untracked 
|  10|0x0000000082800000, 0x0000000082800000, 0x0000000082900000|  0%| F|  |TAMS 0x0000000082800000, 0x0000000082800000| Untracked 
|  11|0x0000000082900000, 0x0000000082900000, 0x0000000082a00000|  0%| F|  |TAMS 0x0000000082900000, 0x0000000082900000| Untracked 
|  12|0x0000000082a00000, 0x0000000082a00000, 0x0000000082b00000|  0%| F|  |TAMS 0x0000000082a00000, 0x0000000082a00000| Untracked 
|  13|0x0000000082b00000, 0x0000000082b00000, 0x0000000082c00000|  0%| F|  |TAMS 0x0000000082b00000, 0x0000000082b00000| Untracked 
|  14|0x0000000082c00000, 0x0000000082c00000, 0x0000000082d00000|  0%| F|  |TAMS 0x0000000082c00000, 0x0000000082c00000| Untracked 
|  15|0x0000000082d00000, 0x0000000082d00000, 0x0000000082e00000|  0%| F|  |TAMS 0x0000000082d00000, 0x0000000082d00000| Untracked 
|  16|0x0000000082e00000, 0x0000000082e00000, 0x0000000082f00000|  0%| F|  |TAMS 0x0000000082e00000, 0x0000000082e00000| Untracked 
|  17|0x0000000082f00000, 0x0000000082f00000, 0x0000000083000000|  0%| F|  |TAMS 0x0000000082f00000, 0x0000000082f00000| Untracked 
|  18|0x0000000083000000, 0x0000000083000000, 0x0000000083100000|  0%| F|  |TAMS 0x0000000083000000, 0x0000000083000000| Untracked 
|  19|0x0000000083100000, 0x0000000083100000, 0x0000000083200000|  0%| F|  |TAMS 0x0000000083100000, 0x0000000083100000| Untracked 
|  20|0x0000000083200000, 0x0000000083200000, 0x0000000083300000|  0%| F|  |TAMS 0x0000000083200000, 0x0000000083200000| Untracked 
|  21|0x0000000083300000, 0x0000000083300000, 0x0000000083400000|  0%| F|  |TAMS 0x0000000083300000, 0x0000000083300000| Untracked 
|  22|0x0000000083400000, 0x0000000083400000, 0x0000000083500000|  0%| F|  |TAMS 0x0000000083400000, 0x0000000083400000| Untracked 
|  23|0x0000000083500000, 0x0000000083500000, 0x0000000083600000|  0%| F|  |TAMS 0x0000000083500000, 0x0000000083500000| Untracked 
|  24|0x0000000083600000, 0x0000000083600000, 0x0000000083700000|  0%| F|  |TAMS 0x0000000083600000, 0x0000000083600000| Untracked 
|  25|0x0000000083700000, 0x0000000083700000, 0x0000000083800000|  0%| F|  |TAMS 0x0000000083700000, 0x0000000083700000| Untracked 
|  26|0x0000000083800000, 0x0000000083800000, 0x0000000083900000|  0%| F|  |TAMS 0x0000000083800000, 0x0000000083800000| Untracked 
|  27|0x0000000083900000, 0x0000000083900000, 0x0000000083a00000|  0%| F|  |TAMS 0x0000000083900000, 0x0000000083900000| Untracked 
|  28|0x0000000083a00000, 0x0000000083a00000, 0x0000000083b00000|  0%| F|  |TAMS 0x0000000083a00000, 0x0000000083a00000| Untracked 
|  29|0x0000000083b00000, 0x0000000083b00000, 0x0000000083c00000|  0%| F|  |TAMS 0x0000000083b00000, 0x0000000083b00000| Untracked 
|  30|0x0000000083c00000, 0x0000000083c00000, 0x0000000083d00000|  0%| F|  |TAMS 0x0000000083c00000, 0x0000000083c00000| Untracked 
|  31|0x0000000083d00000, 0x0000000083d00000, 0x0000000083e00000|  0%| F|  |TAMS 0x0000000083d00000, 0x0000000083d00000| Untracked 
|  32|0x0000000083e00000, 0x0000000083e00000, 0x0000000083f00000|  0%| F|  |TAMS 0x0000000083e00000, 0x0000000083e00000| Untracked 
|  33|0x0000000083f00000, 0x0000000083f00000, 0x0000000084000000|  0%| F|  |TAMS 0x0000000083f00000, 0x0000000083f00000| Untracked 
|  34|0x0000000084000000, 0x0000000084000000, 0x0000000084100000|  0%| F|  |TAMS 0x0000000084000000, 0x0000000084000000| Untracked 
|  35|0x0000000084100000, 0x0000000084100000, 0x0000000084200000|  0%| F|  |TAMS 0x0000000084100000, 0x0000000084100000| Untracked 
|  36|0x0000000084200000, 0x0000000084200000, 0x0000000084300000|  0%| F|  |TAMS 0x0000000084200000, 0x0000000084200000| Untracked 
|  37|0x0000000084300000, 0x0000000084300000, 0x0000000084400000|  0%| F|  |TAMS 0x0000000084300000, 0x0000000084300000| Untracked 
|  38|0x0000000084400000, 0x0000000084400000, 0x0000000084500000|  0%| F|  |TAMS 0x0000000084400000, 0x0000000084400000| Untracked 
|  39|0x0000000084500000, 0x0000000084500000, 0x0000000084600000|  0%| F|  |TAMS 0x0000000084500000, 0x0000000084500000| Untracked 
|  40|0x0000000084600000, 0x0000000084600000, 0x0000000084700000|  0%| F|  |TAMS 0x0000000084600000, 0x0000000084600000| Untracked 
|  41|0x0000000084700000, 0x0000000084700000, 0x0000000084800000|  0%| F|  |TAMS 0x0000000084700000, 0x0000000084700000| Untracked 
|  42|0x0000000084800000, 0x0000000084800000, 0x0000000084900000|  0%| F|  |TAMS 0x0000000084800000, 0x0000000084800000| Untracked 
|  43|0x0000000084900000, 0x0000000084900000, 0x0000000084a00000|  0%| F|  |TAMS 0x0000000084900000, 0x0000000084900000| Untracked 
|  44|0x0000000084a00000, 0x0000000084a00000, 0x0000000084b00000|  0%| F|  |TAMS 0x0000000084a00000, 0x0000000084a00000| Untracked 
|  45|0x0000000084b00000, 0x0000000084b00000, 0x0000000084c00000|  0%| F|  |TAMS 0x0000000084b00000, 0x0000000084b00000| Untracked 
|  46|0x0000000084c00000, 0x0000000084c00000, 0x0000000084d00000|  0%| F|  |TAMS 0x0000000084c00000, 0x0000000084c00000| Untracked 
|  47|0x0000000084d00000, 0x0000000084d00000, 0x0000000084e00000|  0%| F|  |TAMS 0x0000000084d00000, 0x0000000084d00000| Untracked 
|  48|0x0000000084e00000, 0x0000000084e00000, 0x0000000084f00000|  0%| F|  |TAMS 0x0000000084e00000, 0x0000000084e00000| Untracked 
|  49|0x0000000084f00000, 0x0000000084f00000, 0x0000000085000000|  0%| F|  |TAMS 0x0000000084f00000, 0x0000000084f00000| Untracked 
|  50|0x0000000085000000, 0x0000000085000000, 0x0000000085100000|  0%| F|  |TAMS 0x0000000085000000, 0x0000000085000000| Untracked 
|  51|0x0000000085100000, 0x0000000085100000, 0x0000000085200000|  0%| F|  |TAMS 0x0000000085100000, 0x0000000085100000| Untracked 
|  52|0x0000000085200000, 0x0000000085200000, 0x0000000085300000|  0%| F|  |TAMS 0x0000000085200000, 0x0000000085200000| Untracked 
|  53|0x0000000085300000, 0x0000000085300000, 0x0000000085400000|  0%| F|  |TAMS 0x0000000085300000, 0x0000000085300000| Untracked 
|  54|0x0000000085400000, 0x0000000085400000, 0x0000000085500000|  0%| F|  |TAMS 0x0000000085400000, 0x0000000085400000| Untracked 
|  55|0x0000000085500000, 0x0000000085500000, 0x0000000085600000|  0%| F|  |TAMS 0x0000000085500000, 0x0000000085500000| Untracked 
|  56|0x0000000085600000, 0x0000000085600000, 0x0000000085700000|  0%| F|  |TAMS 0x0000000085600000, 0x0000000085600000| Untracked 
|  57|0x0000000085700000, 0x0000000085700000, 0x0000000085800000|  0%| F|  |TAMS 0x0000000085700000, 0x0000000085700000| Untracked 
|  58|0x0000000085800000, 0x0000000085800000, 0x0000000085900000|  0%| F|  |TAMS 0x0000000085800000, 0x0000000085800000| Untracked 
|  59|0x0000000085900000, 0x0000000085900000, 0x0000000085a00000|  0%| F|  |TAMS 0x0000000085900000, 0x0000000085900000| Untracked 
|  60|0x0000000085a00000, 0x0000000085a00000, 0x0000000085b00000|  0%| F|  |TAMS 0x0000000085a00000, 0x0000000085a00000| Untracked 
|  61|0x0000000085b00000, 0x0000000085b00000, 0x0000000085c00000|  0%| F|  |TAMS 0x0000000085b00000, 0x0000000085b00000| Untracked 
|  62|0x0000000085c00000, 0x0000000085c00000, 0x0000000085d00000|  0%| F|  |TAMS 0x0000000085c00000, 0x0000000085c00000| Untracked 
|  63|0x0000000085d00000, 0x0000000085d00000, 0x0000000085e00000|  0%| F|  |TAMS 0x0000000085d00000, 0x0000000085d00000| Untracked 
|  64|0x0000000085e00000, 0x0000000085e00000, 0x0000000085f00000|  0%| F|  |TAMS 0x0000000085e00000, 0x0000000085e00000| Untracked 
|  65|0x0000000085f00000, 0x0000000085f00000, 0x0000000086000000|  0%| F|  |TAMS 0x0000000085f00000, 0x0000000085f00000| Untracked 
|  66|0x0000000086000000, 0x0000000086000000, 0x0000000086100000|  0%| F|  |TAMS 0x0000000086000000, 0x0000000086000000| Untracked 
|  67|0x0000000086100000, 0x0000000086100000, 0x0000000086200000|  0%| F|  |TAMS 0x0000000086100000, 0x0000000086100000| Untracked 
|  68|0x0000000086200000, 0x0000000086200000, 0x0000000086300000|  0%| F|  |TAMS 0x0000000086200000, 0x0000000086200000| Untracked 
|  69|0x0000000086300000, 0x0000000086300000, 0x0000000086400000|  0%| F|  |TAMS 0x0000000086300000, 0x0000000086300000| Untracked 
|  70|0x0000000086400000, 0x0000000086400000, 0x0000000086500000|  0%| F|  |TAMS 0x0000000086400000, 0x0000000086400000| Untracked 
|  71|0x0000000086500000, 0x0000000086500000, 0x0000000086600000|  0%| F|  |TAMS 0x0000000086500000, 0x0000000086500000| Untracked 
|  72|0x0000000086600000, 0x0000000086600000, 0x0000000086700000|  0%| F|  |TAMS 0x0000000086600000, 0x0000000086600000| Untracked 
|  73|0x0000000086700000, 0x0000000086700000, 0x0000000086800000|  0%| F|  |TAMS 0x0000000086700000, 0x0000000086700000| Untracked 
|  74|0x0000000086800000, 0x0000000086800000, 0x0000000086900000|  0%| F|  |TAMS 0x0000000086800000, 0x0000000086800000| Untracked 
|  75|0x0000000086900000, 0x0000000086900000, 0x0000000086a00000|  0%| F|  |TAMS 0x0000000086900000, 0x0000000086900000| Untracked 
|  76|0x0000000086a00000, 0x0000000086a00000, 0x0000000086b00000|  0%| F|  |TAMS 0x0000000086a00000, 0x0000000086a00000| Untracked 
|  77|0x0000000086b00000, 0x0000000086b00000, 0x0000000086c00000|  0%| F|  |TAMS 0x0000000086b00000, 0x0000000086b00000| Untracked 
|  78|0x0000000086c00000, 0x0000000086c00000, 0x0000000086d00000|  0%| F|  |TAMS 0x0000000086c00000, 0x0000000086c00000| Untracked 
|  79|0x0000000086d00000, 0x0000000086d00000, 0x0000000086e00000|  0%| F|  |TAMS 0x0000000086d00000, 0x0000000086d00000| Untracked 
|  80|0x0000000086e00000, 0x0000000086e00000, 0x0000000086f00000|  0%| F|  |TAMS 0x0000000086e00000, 0x0000000086e00000| Untracked 
|  81|0x0000000086f00000, 0x0000000086f00000, 0x0000000087000000|  0%| F|  |TAMS 0x0000000086f00000, 0x0000000086f00000| Untracked 
|  82|0x0000000087000000, 0x0000000087000000, 0x0000000087100000|  0%| F|  |TAMS 0x0000000087000000, 0x0000000087000000| Untracked 
|  83|0x0000000087100000, 0x0000000087100000, 0x0000000087200000|  0%| F|  |TAMS 0x0000000087100000, 0x0000000087100000| Untracked 
|  84|0x0000000087200000, 0x0000000087200000, 0x0000000087300000|  0%| F|  |TAMS 0x0000000087200000, 0x0000000087200000| Untracked 
|  85|0x0000000087300000, 0x0000000087300000, 0x0000000087400000|  0%| F|  |TAMS 0x0000000087300000, 0x0000000087300000| Untracked 
|  86|0x0000000087400000, 0x0000000087400000, 0x0000000087500000|  0%| F|  |TAMS 0x0000000087400000, 0x0000000087400000| Untracked 
|  87|0x0000000087500000, 0x0000000087500000, 0x0000000087600000|  0%| F|  |TAMS 0x0000000087500000, 0x0000000087500000| Untracked 
|  88|0x0000000087600000, 0x0000000087600000, 0x0000000087700000|  0%| F|  |TAMS 0x0000000087600000, 0x0000000087600000| Untracked 
|  89|0x0000000087700000, 0x0000000087700000, 0x0000000087800000|  0%| F|  |TAMS 0x0000000087700000, 0x0000000087700000| Untracked 
|  90|0x0000000087800000, 0x0000000087800000, 0x0000000087900000|  0%| F|  |TAMS 0x0000000087800000, 0x0000000087800000| Untracked 
|  91|0x0000000087900000, 0x0000000087900000, 0x0000000087a00000|  0%| F|  |TAMS 0x0000000087900000, 0x0000000087900000| Untracked 
|  92|0x0000000087a00000, 0x0000000087a00000, 0x0000000087b00000|  0%| F|  |TAMS 0x0000000087a00000, 0x0000000087a00000| Untracked 
|  93|0x0000000087b00000, 0x0000000087b00000, 0x0000000087c00000|  0%| F|  |TAMS 0x0000000087b00000, 0x0000000087b00000| Untracked 
|  94|0x0000000087c00000, 0x0000000087c00000, 0x0000000087d00000|  0%| F|  |TAMS 0x0000000087c00000, 0x0000000087c00000| Untracked 
|  95|0x0000000087d00000, 0x0000000087d00000, 0x0000000087e00000|  0%| F|  |TAMS 0x0000000087d00000, 0x0000000087d00000| Untracked 
|  96|0x0000000087e00000, 0x0000000087e00000, 0x0000000087f00000|  0%| F|  |TAMS 0x0000000087e00000, 0x0000000087e00000| Untracked 
|  97|0x0000000087f00000, 0x0000000087f00000, 0x0000000088000000|  0%| F|  |TAMS 0x0000000087f00000, 0x0000000087f00000| Untracked 
|  98|0x0000000088000000, 0x0000000088000000, 0x0000000088100000|  0%| F|  |TAMS 0x0000000088000000, 0x0000000088000000| Untracked 
|  99|0x0000000088100000, 0x0000000088100000, 0x0000000088200000|  0%| F|  |TAMS 0x0000000088100000, 0x0000000088100000| Untracked 
| 100|0x0000000088200000, 0x0000000088200000, 0x0000000088300000|  0%| F|  |TAMS 0x0000000088200000, 0x0000000088200000| Untracked 
| 101|0x0000000088300000, 0x0000000088300000, 0x0000000088400000|  0%| F|  |TAMS 0x0000000088300000, 0x0000000088300000| Untracked 
| 102|0x0000000088400000, 0x0000000088400000, 0x0000000088500000|  0%| F|  |TAMS 0x0000000088400000, 0x0000000088400000| Untracked 
| 103|0x0000000088500000, 0x0000000088500000, 0x0000000088600000|  0%| F|  |TAMS 0x0000000088500000, 0x0000000088500000| Untracked 
| 104|0x0000000088600000, 0x0000000088600000, 0x0000000088700000|  0%| F|  |TAMS 0x0000000088600000, 0x0000000088600000| Untracked 
| 105|0x0000000088700000, 0x0000000088700000, 0x0000000088800000|  0%| F|  |TAMS 0x0000000088700000, 0x0000000088700000| Untracked 
| 106|0x0000000088800000, 0x0000000088800000, 0x0000000088900000|  0%| F|  |TAMS 0x0000000088800000, 0x0000000088800000| Untracked 
| 107|0x0000000088900000, 0x0000000088900000, 0x0000000088a00000|  0%| F|  |TAMS 0x0000000088900000, 0x0000000088900000| Untracked 
| 108|0x0000000088a00000, 0x0000000088a00000, 0x0000000088b00000|  0%| F|  |TAMS 0x0000000088a00000, 0x0000000088a00000| Untracked 
| 109|0x0000000088b00000, 0x0000000088b00000, 0x0000000088c00000|  0%| F|  |TAMS 0x0000000088b00000, 0x0000000088b00000| Untracked 
| 110|0x0000000088c00000, 0x0000000088c00000, 0x0000000088d00000|  0%| F|  |TAMS 0x0000000088c00000, 0x0000000088c00000| Untracked 
| 111|0x0000000088d00000, 0x0000000088d00000, 0x0000000088e00000|  0%| F|  |TAMS 0x0000000088d00000, 0x0000000088d00000| Untracked 
| 112|0x0000000088e00000, 0x0000000088e00000, 0x0000000088f00000|  0%| F|  |TAMS 0x0000000088e00000, 0x0000000088e00000| Untracked 
| 113|0x0000000088f00000, 0x0000000088ff01b0, 0x0000000089000000| 93%| E|  |TAMS 0x0000000088f00000, 0x0000000088f00000| Complete 
| 114|0x0000000089000000, 0x0000000089100000, 0x0000000089100000|100%| E|CS|TAMS 0x0000000089000000, 0x0000000089000000| Complete 
| 115|0x0000000089100000, 0x0000000089200000, 0x0000000089200000|100%| E|  |TAMS 0x0000000089100000, 0x0000000089100000| Complete 
| 116|0x0000000089200000, 0x0000000089300000, 0x0000000089300000|100%| E|CS|TAMS 0x0000000089200000, 0x0000000089200000| Complete 
| 117|0x0000000089300000, 0x0000000089400000, 0x0000000089400000|100%| E|CS|TAMS 0x0000000089300000, 0x0000000089300000| Complete 
| 118|0x0000000089400000, 0x0000000089500000, 0x0000000089500000|100%| E|CS|TAMS 0x0000000089400000, 0x0000000089400000| Complete 
| 119|0x0000000089500000, 0x0000000089600000, 0x0000000089600000|100%| E|CS|TAMS 0x0000000089500000, 0x0000000089500000| Complete 
| 120|0x0000000089600000, 0x0000000089700000, 0x0000000089700000|100%| E|CS|TAMS 0x0000000089600000, 0x0000000089600000| Complete 
| 121|0x0000000089700000, 0x0000000089800000, 0x0000000089800000|100%| E|CS|TAMS 0x0000000089700000, 0x0000000089700000| Complete 
| 122|0x0000000089800000, 0x0000000089900000, 0x0000000089900000|100%| E|CS|TAMS 0x0000000089800000, 0x0000000089800000| Complete 
| 123|0x0000000089900000, 0x0000000089a00000, 0x0000000089a00000|100%| E|CS|TAMS 0x0000000089900000, 0x0000000089900000| Complete 
| 124|0x0000000089a00000, 0x0000000089b00000, 0x0000000089b00000|100%| E|CS|TAMS 0x0000000089a00000, 0x0000000089a00000| Complete 
| 125|0x0000000089b00000, 0x0000000089c00000, 0x0000000089c00000|100%| E|CS|TAMS 0x0000000089b00000, 0x0000000089b00000| Complete 
| 126|0x0000000089c00000, 0x0000000089d00000, 0x0000000089d00000|100%| E|CS|TAMS 0x0000000089c00000, 0x0000000089c00000| Complete 
| 127|0x0000000089d00000, 0x0000000089e00000, 0x0000000089e00000|100%| E|CS|TAMS 0x0000000089d00000, 0x0000000089d00000| Complete 

Card table byte_map: [0x000001f847690000,0x000001f847a90000] _byte_map_base: 0x000001f847281000

Marking Bits (Prev, Next): (CMBitMap*) 0x000001f830494990, (CMBitMap*) 0x000001f8304949d0
 Prev Bits: [0x000001f847e90000, 0x000001f849e18000)
 Next Bits: [0x000001f849e20000, 0x000001f84bda8000)

Polling page: 0x000001f82e3b0000

Metaspace:

Usage:
  Non-class:      3.49 MB used.
      Class:    430.33 KB used.
       Both:      3.91 MB used.

Virtual space:
  Non-class space:       64.00 MB reserved,       3.56 MB (  6%) committed,  1 nodes.
      Class space:        1.00 GB reserved,     512.00 KB ( <1%) committed,  1 nodes.
             Both:        1.06 GB reserved,       4.06 MB ( <1%) committed. 

Chunk freelists:
   Non-Class:  10.16 MB
       Class:  15.48 MB
        Both:  25.63 MB

MaxMetaspaceSize: unlimited
CompressedClassSpaceSize: 1.00 GB
Initial GC threshold: 21.00 MB
Current GC threshold: 21.00 MB
CDS: on
MetaspaceReclaimPolicy: balanced
 - commit_granule_bytes: 65536.
 - commit_granule_words: 8192.
 - virtual_space_node_default_size: 8388608.
 - enlarge_chunks_in_place: 1.
 - new_chunks_are_fully_committed: 0.
 - uncommit_free_chunks: 1.
 - use_allocation_guard: 0.
 - handle_deallocations: 1.


Internal statistics:

num_allocs_failed_limit: 0.
num_arena_births: 28.
num_arena_deaths: 0.
num_vsnodes_births: 2.
num_vsnodes_deaths: 0.
num_space_committed: 65.
num_space_uncommitted: 0.
num_chunks_returned_to_freelist: 0.
num_chunks_taken_from_freelist: 138.
num_chunk_merges: 0.
num_chunk_splits: 91.
num_chunks_enlarged: 72.
num_inconsistent_stats: 0.

CodeHeap 'non-profiled nmethods': size=120000Kb used=237Kb max_used=237Kb free=119762Kb
 bounds [0x000001f83fa30000, 0x000001f83fca0000, 0x000001f846f60000]
CodeHeap 'profiled nmethods': size=120000Kb used=1602Kb max_used=1602Kb free=118398Kb
 bounds [0x000001f837f60000, 0x000001f8381d0000, 0x000001f83f490000]
CodeHeap 'non-nmethods': size=5760Kb used=1155Kb max_used=1167Kb free=4604Kb
 bounds [0x000001f83f490000, 0x000001f83f700000, 0x000001f83fa30000]
 total_blobs=1276 nmethods=832 adapters=357
 compilation: enabled
              stopped_count=0, restarted_count=0
 full_count=0

Compilation events (20 events):
Event: 1.548 Thread 0x000001f84e7f0240  807       3       java.net.URLClassLoader::isSealed (72 bytes)
Event: 1.552 Thread 0x000001f84e7f0240 nmethod 807 0x000001f8380d9c90 code [0x000001f8380da0c0, 0x000001f8380dbdb8]
Event: 1.559 Thread 0x000001f84e7f0240  808       3       java.util.ArrayDeque::add (7 bytes)
Event: 1.560 Thread 0x000001f84e7f0240 nmethod 808 0x000001f8380dc890 code [0x000001f8380dca40, 0x000001f8380dcb88]
Event: 1.564 Thread 0x000001f84e7f0240  809       3       java.util.zip.ZipFile$ZipFileInflaterInputStream::<init> (41 bytes)
Event: 1.564 Thread 0x000001f84e7f0240 nmethod 809 0x000001f8380dcc10 code [0x000001f8380dcde0, 0x000001f8380dd298]
Event: 1.564 Thread 0x000001f84e7f0240  810       3       java.util.zip.InflaterInputStream::<init> (79 bytes)
Event: 1.565 Thread 0x000001f84e7f0240 nmethod 810 0x000001f8380dd490 code [0x000001f8380dd680, 0x000001f8380ddeb8]
Event: 1.565 Thread 0x000001f84e7f0240  811       3       java.util.zip.ZipFile$InflaterCleanupAction::<init> (15 bytes)
Event: 1.565 Thread 0x000001f84e7f0240 nmethod 811 0x000001f8380de090 code [0x000001f8380de240, 0x000001f8380de458]
Event: 1.565 Thread 0x000001f84e7f0240  812       3       java.util.zip.ZipFile$ZipFileInflaterInputStream::fill (80 bytes)
Event: 1.566 Thread 0x000001f84e7f0240 nmethod 812 0x000001f8380de510 code [0x000001f8380de6e0, 0x000001f8380deac8]
Event: 1.566 Thread 0x000001f84e7f0240  813   !   3       java.util.zip.Inflater::setInput (69 bytes)
Event: 1.566 Thread 0x000001f84e7f0240 nmethod 813 0x000001f8380dec90 code [0x000001f8380dee40, 0x000001f8380df208]
Event: 1.566 Thread 0x000001f84e7f0240  814       3       java.util.zip.ZipFile$InflaterCleanupAction::run (12 bytes)
Event: 1.567 Thread 0x000001f84e7f0240 nmethod 814 0x000001f8380df390 code [0x000001f8380df540, 0x000001f8380df6a8]
Event: 1.567 Thread 0x000001f84e7f0240  815   !   3       java.util.zip.ZipFile$CleanableResource::releaseInflater (53 bytes)
Event: 1.567 Thread 0x000001f84e7f0240 nmethod 815 0x000001f8380df790 code [0x000001f8380df960, 0x000001f8380dfd88]
Event: 1.567 Thread 0x000001f84e7f0240  816   !   3       java.util.zip.Inflater::reset (64 bytes)
Event: 1.568 Thread 0x000001f84e7f0240 nmethod 816 0x000001f8380dff90 code [0x000001f8380e0160, 0x000001f8380e04d8]

GC Heap History (0 events):
No events

Dll operation events (12 events):
Event: 0.023 Loaded shared library C:\Users\KraftWork\.jdks\corretto-17.0.12\bin\java.dll
Event: 0.068 Loaded shared library C:\Users\KraftWork\.jdks\corretto-17.0.12\bin\jsvml.dll
Event: 0.311 Loaded shared library C:\Users\KraftWork\.jdks\corretto-17.0.12\bin\zip.dll
Event: 0.317 Loaded shared library C:\Users\KraftWork\.jdks\corretto-17.0.12\bin\instrument.dll
Event: 0.341 Loaded shared library C:\Users\KraftWork\.jdks\corretto-17.0.12\bin\net.dll
Event: 0.387 Loaded shared library C:\Users\KraftWork\.jdks\corretto-17.0.12\bin\nio.dll
Event: 0.393 Loaded shared library C:\Users\KraftWork\.jdks\corretto-17.0.12\bin\zip.dll
Event: 0.424 Loaded shared library C:\Users\KraftWork\Downloads\ideaIU-2024.2.1.win\bin\breakgen64.dll
Event: 0.549 Loaded shared library C:\Users\KraftWork\.jdks\corretto-17.0.12\bin\extnet.dll
Event: 0.843 Loaded shared library C:\Users\KraftWork\.jdks\corretto-17.0.12\bin\jimage.dll
Event: 0.893 Loaded shared library C:\Users\KraftWork\AppData\Local\Temp\jansi-2.4.1-ee739c850b5d04f1-jansi.dll
Event: 0.930 Loaded shared library C:\Users\KraftWork\.jdks\corretto-17.0.12\bin\verify.dll

Deoptimization events (20 events):
Event: 1.316 Thread 0x000001f830439590 Uncommon trap: trap_request=0xffffff45 fr.pc=0x000001f83fa46ce8 relative=0x0000000000000448
Event: 1.316 Thread 0x000001f830439590 Uncommon trap: reason=unstable_if action=reinterpret pc=0x000001f83fa46ce8 method=java.lang.StringLatin1.canEncode(I)Z @ 4 c2
Event: 1.316 Thread 0x000001f830439590 DEOPT PACKING pc=0x000001f83fa46ce8 sp=0x00000043ce7fdb60
Event: 1.317 Thread 0x000001f830439590 DEOPT UNPACKING pc=0x000001f83f4e69a3 sp=0x00000043ce7fda88 mode 2
Event: 1.317 Thread 0x000001f830439590 Uncommon trap: trap_request=0xffffff45 fr.pc=0x000001f83fa4e6cc relative=0x000000000000042c
Event: 1.317 Thread 0x000001f830439590 Uncommon trap: reason=unstable_if action=reinterpret pc=0x000001f83fa4e6cc method=java.lang.AbstractStringBuilder.isLatin1()Z @ 10 c2
Event: 1.317 Thread 0x000001f830439590 DEOPT PACKING pc=0x000001f83fa4e6cc sp=0x00000043ce7fdb70
Event: 1.317 Thread 0x000001f830439590 DEOPT UNPACKING pc=0x000001f83f4e69a3 sp=0x00000043ce7fdaf0 mode 2
Event: 1.317 Thread 0x000001f830439590 Uncommon trap: trap_request=0xffffff45 fr.pc=0x000001f83fa5aadc relative=0x000000000000005c
Event: 1.317 Thread 0x000001f830439590 Uncommon trap: reason=unstable_if action=reinterpret pc=0x000001f83fa5aadc method=java.lang.AbstractStringBuilder.isLatin1()Z @ 10 c2
Event: 1.317 Thread 0x000001f830439590 DEOPT PACKING pc=0x000001f83fa5aadc sp=0x00000043ce7fdb50
Event: 1.317 Thread 0x000001f830439590 DEOPT UNPACKING pc=0x000001f83f4e69a3 sp=0x00000043ce7fdae0 mode 2
Event: 1.322 Thread 0x000001f830439590 Uncommon trap: trap_request=0xffffff45 fr.pc=0x000001f83fa3de5c relative=0x000000000000005c
Event: 1.322 Thread 0x000001f830439590 Uncommon trap: reason=unstable_if action=reinterpret pc=0x000001f83fa3de5c method=java.lang.String.isLatin1()Z @ 10 c2
Event: 1.323 Thread 0x000001f830439590 DEOPT PACKING pc=0x000001f83fa3de5c sp=0x00000043ce7fd7e0
Event: 1.323 Thread 0x000001f830439590 DEOPT UNPACKING pc=0x000001f83f4e69a3 sp=0x00000043ce7fd770 mode 2
Event: 1.452 Thread 0x000001f830439590 DEOPT PACKING pc=0x000001f837fbdab4 sp=0x00000043ce7fce20
Event: 1.452 Thread 0x000001f830439590 DEOPT UNPACKING pc=0x000001f83f4e7143 sp=0x00000043ce7fc2e0 mode 0
Event: 1.491 Thread 0x000001f830439590 DEOPT PACKING pc=0x000001f837f9593e sp=0x00000043ce7f9c70
Event: 1.491 Thread 0x000001f830439590 DEOPT UNPACKING pc=0x000001f83f4e7143 sp=0x00000043ce7f90e8 mode 0

Classes loaded (20 events):
Event: 1.253 Loading class sun/util/calendar/ZoneInfoFile$Checksum
Event: 1.253 Loading class sun/util/calendar/ZoneInfoFile$Checksum done
Event: 1.257 Loading class jdk/internal/module/ModulePatcher$PatchedModuleReader
Event: 1.259 Loading class jdk/internal/module/ModulePatcher$PatchedModuleReader done
Event: 1.259 Loading class sun/net/www/protocol/jrt/Handler
Event: 1.259 Loading class sun/net/www/protocol/jrt/Handler done
Event: 1.314 Loading class sun/text/resources/cldr/FormatData_en
Event: 1.314 Loading class sun/text/resources/cldr/FormatData_en done
Event: 1.315 Loading class sun/text/resources/cldr/FormatData_en_US
Event: 1.315 Loading class sun/text/resources/cldr/FormatData_en_US done
Event: 1.429 Loading class java/io/FilterReader
Event: 1.429 Loading class java/io/FilterReader done
Event: 1.473 Loading class java/util/concurrent/TimeUnit$1
Event: 1.473 Loading class java/util/concurrent/TimeUnit$1 done
Event: 1.501 Loading class java/io/InvalidObjectException
Event: 1.501 Loading class java/io/ObjectStreamException
Event: 1.501 Loading class java/io/ObjectStreamException done
Event: 1.501 Loading class java/io/InvalidObjectException done
Event: 1.524 Loading class java/util/NoSuchElementException
Event: 1.524 Loading class java/util/NoSuchElementException done

Classes unloaded (0 events):
No events

Classes redefined (0 events):
No events

Internal exceptions (8 events):
Event: 0.509 Thread 0x000001f84ea914b0 Exception <a 'java/lang/NoSuchMethodError'{0x0000000089cf07f0}: 'java.lang.Object java.lang.invoke.DirectMethodHandle$Holder.invokeStaticInit(java.lang.Object)'> (0x0000000089cf07f0) 
thrown [s\src\hotspot\share\interpreter\linkResolver.cpp, line 759]
Event: 0.544 Thread 0x000001f830439590 Exception <a 'java/lang/NoSuchMethodError'{0x0000000089b422c0}: 'int java.lang.invoke.DirectMethodHandle$Holder.invokeSpecial(java.lang.Object, java.lang.Object, java.lang.Object)'> (0x0000000089b422c0) 
thrown [s\src\hotspot\share\interpreter\linkResolver.cpp, line 759]
Event: 0.551 Thread 0x000001f84ea914b0 Exception <a 'java/lang/NoSuchMethodError'{0x0000000089cfe3f0}: 'void java.lang.invoke.DirectMethodHandle$Holder.invokeStatic(java.lang.Object, java.lang.Object)'> (0x0000000089cfe3f0) 
thrown [s\src\hotspot\share\interpreter\linkResolver.cpp, line 759]
Event: 0.829 Thread 0x000001f830439590 Exception <a 'java/lang/NullPointerException'{0x0000000089824958}> (0x0000000089824958) 
thrown [s\src\hotspot\share\interpreter\linkResolver.cpp, line 1350]
Event: 0.867 Thread 0x000001f830439590 Exception <a 'sun/nio/fs/WindowsException'{0x000000008984caa8}> (0x000000008984caa8) 
thrown [s\src\hotspot\share\prims\jni.cpp, line 516]
Event: 0.955 Thread 0x000001f830439590 Exception <a 'java/lang/NoSuchMethodError'{0x000000008976e340}: 'void java.lang.invoke.DirectMethodHandle$Holder.invokeStaticInit(java.lang.Object, java.lang.Object)'> (0x000000008976e340) 
thrown [s\src\hotspot\share\interpreter\linkResolver.cpp, line 759]
Event: 0.985 Thread 0x000001f830439590 Exception <a 'java/lang/NoSuchMethodError'{0x00000000897be538}: 'void java.lang.invoke.DirectMethodHandle$Holder.invokeStatic(java.lang.Object, java.lang.Object, java.lang.Object)'> (0x00000000897be538) 
thrown [s\src\hotspot\share\interpreter\linkResolver.cpp, line 759]
Event: 1.172 Thread 0x000001f830439590 Exception <a 'java/lang/NoSuchMethodError'{0x000000008954c978}: 'java.lang.Object java.lang.invoke.DirectMethodHandle$Holder.invokeSpecialIFC(java.lang.Object, java.lang.Object, java.lang.Object, java.lang.Object)'> (0x000000008954c978) 
thrown [s\src\hotspot\share\interpreter\linkResolver.cpp, line 759]

VM Operations (6 events):
Event: 0.269 Executing VM operation: HandshakeAllThreads
Event: 0.269 Executing VM operation: HandshakeAllThreads done
Event: 0.826 Executing VM operation: HandshakeAllThreads
Event: 0.826 Executing VM operation: HandshakeAllThreads done
Event: 0.854 Executing VM operation: HandshakeAllThreads
Event: 0.858 Executing VM operation: HandshakeAllThreads done

Events (15 events):
Event: 0.069 Thread 0x000001f830439590 Thread added: 0x000001f830439590
Event: 0.075 Thread 0x000001f84e7ce410 Thread added: 0x000001f84e7ce410
Event: 0.075 Thread 0x000001f84e7d0150 Thread added: 0x000001f84e7d0150
Event: 0.094 Thread 0x000001f84e7e3080 Thread added: 0x000001f84e7e3080
Event: 0.094 Thread 0x000001f84e7e3b50 Thread added: 0x000001f84e7e3b50
Event: 0.094 Thread 0x000001f84e7e6430 Thread added: 0x000001f84e7e6430
Event: 0.094 Thread 0x000001f84e7e8d10 Thread added: 0x000001f84e7e8d10
Event: 0.095 Thread 0x000001f84e7e9910 Thread added: 0x000001f84e7e9910
Event: 0.096 Thread 0x000001f84e7f0240 Thread added: 0x000001f84e7f0240
Event: 0.097 Thread 0x000001f84e7f2b00 Thread added: 0x000001f84e7f2b00
Event: 0.229 Thread 0x000001f84e7b8e50 Thread added: 0x000001f84e7b8e50
Event: 0.428 Thread 0x000001f84ea914b0 Thread added: 0x000001f84ea914b0
Event: 0.429 Thread 0x000001f84ea91990 Thread added: 0x000001f84ea91990
Event: 0.834 Thread 0x000001f84ebf5190 Thread added: 0x000001f84ebf5190
Event: 0.965 Thread 0x000001f84ebf5190 Thread exited: 0x000001f84ebf5190


Dynamic libraries:
0x00007ff6e50c0000 - 0x00007ff6e50ce000 	C:\Users\KraftWork\.jdks\corretto-17.0.12\bin\java.exe
0x00007ffb79fd0000 - 0x00007ffb7a1e7000 	C:\WINDOWS\SYSTEM32\ntdll.dll
0x00007ffb78cc0000 - 0x00007ffb78d84000 	C:\WINDOWS\System32\KERNEL32.DLL
0x00007ffb77940000 - 0x00007ffb77cf7000 	C:\WINDOWS\System32\KERNELBASE.dll
0x00007ffb77390000 - 0x00007ffb774a1000 	C:\WINDOWS\System32\ucrtbase.dll
0x00007ffb73540000 - 0x00007ffb73557000 	C:\Users\KraftWork\.jdks\corretto-17.0.12\bin\jli.dll
0x00007ffb6f830000 - 0x00007ffb6f84b000 	C:\Users\KraftWork\.jdks\corretto-17.0.12\bin\VCRUNTIME140.dll
0x00007ffb790f0000 - 0x00007ffb7929f000 	C:\WINDOWS\System32\USER32.dll
0x00007ffb772e0000 - 0x00007ffb77306000 	C:\WINDOWS\System32\win32u.dll
0x00007ffb68df0000 - 0x00007ffb69083000 	C:\WINDOWS\WinSxS\amd64_microsoft.windows.common-controls_6595b64144ccf1df_6.0.22621.3672_none_2713b9d173822955\COMCTL32.dll
0x00007ffb78540000 - 0x00007ffb78569000 	C:\WINDOWS\System32\GDI32.dll
0x00007ffb792a0000 - 0x00007ffb79347000 	C:\WINDOWS\System32\msvcrt.dll
0x00007ffb774b0000 - 0x00007ffb775c8000 	C:\WINDOWS\System32\gdi32full.dll
0x00007ffb77640000 - 0x00007ffb776da000 	C:\WINDOWS\System32\msvcp_win.dll
0x00007ffb78f70000 - 0x00007ffb78fa1000 	C:\WINDOWS\System32\IMM32.DLL
0x00007ffb6f510000 - 0x00007ffb6f51c000 	C:\Users\KraftWork\.jdks\corretto-17.0.12\bin\vcruntime140_1.dll
0x00007ffb5f6b0000 - 0x00007ffb5f73d000 	C:\Users\KraftWork\.jdks\corretto-17.0.12\bin\msvcp140.dll
0x00007ffaf83b0000 - 0x00007ffaf901a000 	C:\Users\KraftWork\.jdks\corretto-17.0.12\bin\server\jvm.dll
0x00007ffb782b0000 - 0x00007ffb78362000 	C:\WINDOWS\System32\ADVAPI32.dll
0x00007ffb77d00000 - 0x00007ffb77da8000 	C:\WINDOWS\System32\sechost.dll
0x00007ffb777a0000 - 0x00007ffb777c8000 	C:\WINDOWS\System32\bcrypt.dll
0x00007ffb79c10000 - 0x00007ffb79d24000 	C:\WINDOWS\System32\RPCRT4.dll
0x00007ffb78d90000 - 0x00007ffb78e01000 	C:\WINDOWS\System32\WS2_32.dll
0x00007ffb771b0000 - 0x00007ffb771fd000 	C:\WINDOWS\SYSTEM32\POWRPROF.dll
0x00007ffb712f0000 - 0x00007ffb71324000 	C:\WINDOWS\SYSTEM32\WINMM.dll
0x00007ffb74eb0000 - 0x00007ffb74eba000 	C:\WINDOWS\SYSTEM32\VERSION.dll
0x00007ffb77190000 - 0x00007ffb771a3000 	C:\WINDOWS\SYSTEM32\UMPDC.dll
0x00007ffb762f0000 - 0x00007ffb76308000 	C:\WINDOWS\SYSTEM32\kernel.appcore.dll
0x00007ffb6f390000 - 0x00007ffb6f39a000 	C:\Users\KraftWork\.jdks\corretto-17.0.12\bin\jimage.dll
0x00007ffb70660000 - 0x00007ffb70892000 	C:\WINDOWS\SYSTEM32\DBGHELP.DLL
0x00007ffb785d0000 - 0x00007ffb7895e000 	C:\WINDOWS\System32\combase.dll
0x00007ffb79eb0000 - 0x00007ffb79f87000 	C:\WINDOWS\System32\OLEAUT32.dll
0x00007ffb70470000 - 0x00007ffb704a2000 	C:\WINDOWS\SYSTEM32\dbgcore.DLL
0x00007ffb77310000 - 0x00007ffb7738b000 	C:\WINDOWS\System32\bcryptPrimitives.dll
0x00007ffb6f2d0000 - 0x00007ffb6f2de000 	C:\Users\KraftWork\.jdks\corretto-17.0.12\bin\instrument.dll
0x00007ffb6f2a0000 - 0x00007ffb6f2c5000 	C:\Users\KraftWork\.jdks\corretto-17.0.12\bin\java.dll
0x00007ffb5e940000 - 0x00007ffb5ea17000 	C:\Users\KraftWork\.jdks\corretto-17.0.12\bin\jsvml.dll
0x00007ffb793a0000 - 0x00007ffb79c09000 	C:\WINDOWS\System32\SHELL32.dll
0x00007ffb75200000 - 0x00007ffb75aff000 	C:\WINDOWS\SYSTEM32\windows.storage.dll
0x00007ffb750c0000 - 0x00007ffb751ff000 	C:\WINDOWS\SYSTEM32\wintypes.dll
0x00007ffb78960000 - 0x00007ffb78a59000 	C:\WINDOWS\System32\SHCORE.dll
0x00007ffb78570000 - 0x00007ffb785ce000 	C:\WINDOWS\System32\shlwapi.dll
0x00007ffb77210000 - 0x00007ffb77237000 	C:\WINDOWS\SYSTEM32\profapi.dll
0x00007ffb6f280000 - 0x00007ffb6f298000 	C:\Users\KraftWork\.jdks\corretto-17.0.12\bin\zip.dll
0x00007ffb68db0000 - 0x00007ffb68dc9000 	C:\Users\KraftWork\.jdks\corretto-17.0.12\bin\net.dll
0x00007ffb74ec0000 - 0x00007ffb74ff6000 	C:\WINDOWS\SYSTEM32\WINHTTP.dll
0x00007ffb76750000 - 0x00007ffb767b9000 	C:\WINDOWS\system32\mswsock.dll
0x00007ffb62e80000 - 0x00007ffb62e96000 	C:\Users\KraftWork\.jdks\corretto-17.0.12\bin\nio.dll
0x00007ffb62e60000 - 0x00007ffb62e7a000 	C:\Users\KraftWork\Downloads\ideaIU-2024.2.1.win\bin\breakgen64.dll
0x00007ffb6f190000 - 0x00007ffb6f199000 	C:\Users\KraftWork\.jdks\corretto-17.0.12\bin\extnet.dll
0x00007ffb5e910000 - 0x00007ffb5e934000 	C:\Users\KraftWork\AppData\Local\Temp\jansi-2.4.1-ee739c850b5d04f1-jansi.dll
0x00007ffb6b4a0000 - 0x00007ffb6b4b0000 	C:\Users\KraftWork\.jdks\corretto-17.0.12\bin\verify.dll

dbghelp: loaded successfully - version: 4.0.5 - missing functions: none
symbol engine: initialized successfully - sym options: 0x614 - pdb path: .;C:\Users\KraftWork\.jdks\corretto-17.0.12\bin;C:\WINDOWS\SYSTEM32;C:\WINDOWS\WinSxS\amd64_microsoft.windows.common-controls_6595b64144ccf1df_6.0.22621.3672_none_2713b9d173822955;C:\Users\KraftWork\.jdks\corretto-17.0.12\bin\server;C:\Users\KraftWork\Downloads\ideaIU-2024.2.1.win\bin;C:\Users\KraftWork\AppData\Local\Temp

VM Arguments:
jvm_args: -Dmaven.multiModuleProjectDirectory=C:\Users\KraftWork\Desktop\SPBWS\Spring_L\e-com\services\config-service -Djansi.passthrough=true -Dmaven.home=C:\Users\KraftWork\Downloads\ideaIU-2024.2.1.win\plugins\maven\lib\maven3 -Dclassworlds.conf=C:\Users\KraftWork\Downloads\ideaIU-2024.2.1.win\plugins\maven\lib\maven3\bin\m2.conf -Dmaven.ext.class.path=C:\Users\KraftWork\Downloads\ideaIU-2024.2.1.win\plugins\maven\lib\maven-event-listener.jar -javaagent:C:\Users\KraftWork\Downloads\ideaIU-2024.2.1.win\lib\idea_rt.jar=56776:C:\Users\KraftWork\Downloads\ideaIU-2024.2.1.win\bin -Dfile.encoding=UTF-8 
java_command: org.codehaus.classworlds.Launcher -Didea.version=2024.2.1 install
java_class_path (initial): C:\Users\KraftWork\Downloads\ideaIU-2024.2.1.win\plugins\maven\lib\maven3\boot\plexus-classworlds-2.8.0.jar;C:\Users\KraftWork\Downloads\ideaIU-2024.2.1.win\plugins\maven\lib\maven3\boot\plexus-classworlds.license
Launcher Type: SUN_STANDARD

[Global flags]
     intx CICompilerCount                          = 4                                         {product} {ergonomic}
     uint ConcGCThreads                            = 2                                         {product} {ergonomic}
     uint G1ConcRefinementThreads                  = 8                                         {product} {ergonomic}
   size_t G1HeapRegionSize                         = 1048576                                   {product} {ergonomic}
    uintx GCDrainStackTargetSize                   = 64                                        {product} {ergonomic}
   size_t InitialHeapSize                          = 134217728                                 {product} {ergonomic}
   size_t MarkStackSize                            = 4194304                                   {product} {ergonomic}
   size_t MaxHeapSize                              = 2116026368                                {product} {ergonomic}
   size_t MaxNewSize                               = 1268776960                                {product} {ergonomic}
   size_t MinHeapDeltaBytes                        = 1048576                                   {product} {ergonomic}
   size_t MinHeapSize                              = 8388608                                   {product} {ergonomic}
    uintx NonNMethodCodeHeapSize                   = 5839372                                {pd product} {ergonomic}
    uintx NonProfiledCodeHeapSize                  = 122909434                              {pd product} {ergonomic}
    uintx ProfiledCodeHeapSize                     = 122909434                              {pd product} {ergonomic}
    uintx ReservedCodeCacheSize                    = 251658240                              {pd product} {ergonomic}
     bool SegmentedCodeCache                       = true                                      {product} {ergonomic}
   size_t SoftMaxHeapSize                          = 2116026368                             {manageable} {ergonomic}
     bool UseCompressedClassPointers               = true                           {product lp64_product} {ergonomic}
     bool UseCompressedOops                        = true                           {product lp64_product} {ergonomic}
     bool UseG1GC                                  = true                                      {product} {ergonomic}
     bool UseLargePagesIndividualAllocation        = false                                  {pd product} {ergonomic}

Logging:
Log output configuration:
 #0: stdout all=warning uptime,level,tags
 #1: stderr all=off uptime,level,tags

Environment Variables:
PATH=C:\WINDOWS\system32;C:\WINDOWS;C:\WINDOWS\System32\Wbem;C:\WINDOWS\System32\WindowsPowerShell\v1.0\;C:\WINDOWS\System32\OpenSSH\;C:\Users\KraftWork\xampp;C:\Users\KraftWork\xampp\htdocs;C:\xampp;C:\xampp\php;C:\ProgramData\ComposerSetup\bin;C:\Users\KraftWork\Desktop\apache-maven-3.9.4;C:\Users\KraftWork\Desktop\jdk-17.0.9\bin;C:\Program Files\Cloudflare\Cloudflare WARP\;C:\Program Files\Microsoft SQL Server\Client SDK\ODBC\170\Tools\Binn\;C:\Program Files\dotnet\;C:\Program Files (x86)\Microsoft SQL Server\160\DTS\Binn\;C:\Users\KraftWork\Downloads\apache-maven-3.9.8-bin\apache-maven-3.9.8\lib;C:\Program Files\nodejs\;C:\Program Files\GitAdmin\cmd;C:\Users\KraftWork\Downloads\go1.22.6.windows-amd64\go\bin;C:\Users\KraftWork\Documents\ffmpeg\ffmpeg-7.0.2-essentials_build\bin;C:\Program Files\OpenSSL-Win64\bin;C:\Program Files\Docker\Docker\resources\bin;C:\Users\KraftWork\AppData\Local\Programs\Python\Python312;C:\Users\KraftWork\AppData\Local\Programs\Python\Launcher\;C:\xampp\php;C:\Users\KraftWork\AppData\Local\Microsoft\WindowsApps;C:\Users\KraftWork\AppData\Local\Programs\Microsoft VS Code\bin;C:\Users\KraftWork\xampp\phpMyAdmin\vendor\composer;C:\Users\KraftWork\Downloads\unzip-5.51-1-bin;C:\ProgramData\Microsoft\Windows\Start Menu\Programs\Node.js;C:\Users\KraftWork\AppData\Local\Programs\Git\cmd;C:\Users\KraftWork\xampp\htdocs;C:\Users\KraftWork\AppData\Local\ComposerSetup\bin;C:\Users\KraftWork\AppData\Roaming\Composer\vendor\bin;C:\Program Files\Java\bin;C:\Users\KraftWork\tools;C:\Program Files\MySQL\MySQL Server 8.0\bin;C:\Users\KraftWork\AppData\Local\GitHubDesktop\bin;C:\Users\KraftWork\.dotnet\tools;C:\Users\KraftWork\AppData\Roaming\npm
USERNAME=KraftWork
OS=Windows_NT
PROCESSOR_IDENTIFIER=Intel64 Family 6 Model 142 Stepping 10, GenuineIntel
TMP=C:\Users\KRAFTW~1\AppData\Local\Temp
TEMP=C:\Users\KRAFTW~1\AppData\Local\Temp



Periodic native trim disabled


---------------  S Y S T E M  ---------------

OS:
 Windows 11 , 64 bit Build 22621 (10.0.22621.3958)
OS uptime: 1 days 20:31 hours
Hyper-V role detected

CPU: total 8 (initial active 8) (4 cores per cpu, 2 threads per core) family 6 model 142 stepping 10 microcode 0xea, cx8, cmov, fxsr, ht, mmx, 3dnowpref, sse, sse2, sse3, ssse3, sse4.1, sse4.2, popcnt, lzcnt, tsc, tscinvbit, avx, avx2, aes, erms, clmul, bmi1, bmi2, adx, fma, vzeroupper, clflush, clflushopt, hv
Processor Information for all 8 processors :
  Max Mhz: 1800, Current Mhz: 1600, Mhz Limit: 1584

Memory: 4k page, system-wide physical 8070M (340M free)
TotalPageFile size 32646M (AvailPageFile size 0M)
current process WorkingSet (physical memory assigned to process): 65M, peak: 65M
current process commit charge ("private bytes"): 226M, peak: 227M

vm_info: OpenJDK 64-Bit Server VM (17.0.12+7-LTS) for windows-amd64 JRE (17.0.12+7-LTS), built on Jul 10 2024 20:46:33 by "Administrator" with MS VC++ 16.10 / 16.11 (VS2019)

END.
