#
# There is insufficient memory for the Java Runtime Environment to continue.
# Native memory allocation (mmap) failed to map 134217728 bytes for G1 virtual space
# Possible reasons:
#   The system is out of physical RAM or swap space
#   The process is running with CompressedOops enabled, and the Java Heap may be blocking the growth of the native heap
# Possible solutions:
#   Reduce memory load on the system
#   Increase physical memory or swap space
#   Check if swap backing store is full
#   Decrease Java heap size (-Xmx/-Xms)
#   Decrease number of Java threads
#   Decrease Java thread stack sizes (-Xss)
#   Set larger code cache with -XX:ReservedCodeCacheSize=
#   JVM is running with Unscaled Compressed Oops mode in which the Java heap is
#     placed in the first 4GB address space. The Java Heap base address is the
#     maximum limit for the native heap growth. Please use -XX:HeapBaseMinAddress
#     to set the Java Heap base and to place the Java Heap above 4GB virtual address.
# This output file may be truncated or incomplete.
#
#  Out of Memory Error (os_windows.cpp:3552), pid=10988, tid=10644
#
# JRE version:  (17.0.9+11) (build )
# Java VM: Java HotSpot(TM) 64-Bit Server VM (17.0.9+11-LTS-201, mixed mode, sharing, tiered, compressed oops, compressed class ptrs, g1 gc, windows-amd64)
# No core dump will be written. Minidumps are not enabled by default on client versions of Windows
#

---------------  S U M M A R Y ------------

Command Line: -Dmaven.multiModuleProjectDirectory=C:\Users\KraftWork\Desktop\SPBWS\Spring_L\microservicesdemo\movie-catalog-service -Djansi.passthrough=true -Dmaven.home=C:\Program Files\JetBrains\IntelliJ IDEA Community Edition 2024.1.1\plugins\maven\lib\maven3 -Dclassworlds.conf=C:\Program Files\JetBrains\IntelliJ IDEA Community Edition 2024.1.1\plugins\maven\lib\maven3\bin\m2.conf -Dmaven.ext.class.path=C:\Program Files\JetBrains\IntelliJ IDEA Community Edition 2024.1.1\plugins\maven\lib\maven-event-listener.jar -javaagent:C:\Program Files\JetBrains\IntelliJ IDEA Community Edition 2024.1.1\lib\idea_rt.jar=55954:C:\Program Files\JetBrains\IntelliJ IDEA Community Edition 2024.1.1\bin -Dfile.encoding=UTF-8 org.codehaus.classworlds.Launcher -Didea.version=2024.1.1 spring-boot:run

Host: Intel(R) Core(TM) i5-8250U CPU @ 1.60GHz, 8 cores, 7G,  Windows 11 , 64 bit Build 22621 (10.0.22621.3958)
Time: Tue Sep  3 16:11:19 2024 Myanmar Standard Time elapsed time: 0.058051 seconds (0d 0h 0m 0s)

---------------  T H R E A D  ---------------

Current thread (0x000001c1b6174080):  JavaThread "Unknown thread" [_thread_in_vm, id=10644, stack(0x00000012d0600000,0x00000012d0700000)]

Stack: [0x00000012d0600000,0x00000012d0700000]
Native frames: (J=compiled Java code, j=interpreted, Vv=VM code, C=native code)
V  [jvm.dll+0x678a4a]
V  [jvm.dll+0x7d9cfd]
V  [jvm.dll+0x7db60e]
V  [jvm.dll+0x7dbc73]
V  [jvm.dll+0x245e1f]
V  [jvm.dll+0x6758f9]
V  [jvm.dll+0x66a2a2]
V  [jvm.dll+0x303686]
V  [jvm.dll+0x30ac06]
V  [jvm.dll+0x35a48e]
V  [jvm.dll+0x35a6bf]
V  [jvm.dll+0x2da678]
V  [jvm.dll+0x2db5e4]
V  [jvm.dll+0x7ab6b1]
V  [jvm.dll+0x368041]
V  [jvm.dll+0x78a749]
V  [jvm.dll+0x3ebd4f]
V  [jvm.dll+0x3ed7d1]
C  [jli.dll+0x5297]
C  [ucrtbase.dll+0x29333]
C  [KERNEL32.DLL+0x1257d]
C  [ntdll.dll+0x5af28]


---------------  P R O C E S S  ---------------

Threads class SMR info:
_java_thread_list=0x00007fff014789d8, length=0, elements={
}

Java Threads: ( => current thread )

Other Threads:
  0x000001c1b61cf800 GCTaskThread "GC Thread#0" [stack: 0x00000012d0700000,0x00000012d0800000] [id=30476]
  0x000001c1b61e0390 ConcurrentGCThread "G1 Main Marker" [stack: 0x00000012d0800000,0x00000012d0900000] [id=15024]
  0x000001c1b61e0da0 ConcurrentGCThread "G1 Conc#0" [stack: 0x00000012d0900000,0x00000012d0a00000] [id=34144]

[error occurred during error reporting (printing all threads), id 0xc0000005, EXCEPTION_ACCESS_VIOLATION (0xc0000005) at pc=0x00007fff00cab2d7]

VM state: not at safepoint (not fully initialized)

VM Mutex/Monitor currently owned by a thread:  ([mutex/lock_event])
[0x000001c1b6170cc0] Heap_lock - owner thread: 0x000001c1b6174080

Heap address: 0x0000000081e00000, size: 2018 MB, Compressed Oops mode: 32-bit

CDS archive(s) mapped at: [0x0000000000000000-0x0000000000000000-0x0000000000000000), size 0, SharedBaseAddress: 0x0000000800000000, ArchiveRelocationMode: 1.
Narrow klass base: 0x0000000000000000, Narrow klass shift: 0, Narrow klass range: 0x0

GC Precious Log:
<Empty>

Heap:
 garbage-first heap   total 0K, used 0K [0x0000000081e00000, 0x0000000100000000)
  region size 1024K, 0 young (0K), 0 survivors (0K)

[error occurred during error reporting (printing heap information), id 0xc0000005, EXCEPTION_ACCESS_VIOLATION (0xc0000005) at pc=0x00007fff01092229]

GC Heap History (0 events):
No events

Deoptimization events (0 events):
No events

Classes unloaded (0 events):
No events

Classes redefined (0 events):
No events

Internal exceptions (0 events):
No events

VM Operations (0 events):
No events

Events (1 events):
Event: 0.043 Loaded shared library C:\Users\KraftWork\Desktop\jdk-17.0.9\bin\java.dll


Dynamic libraries:
0x00007ff685780000 - 0x00007ff685790000 	C:\Users\KraftWork\Desktop\jdk-17.0.9\bin\java.exe
0x00007fffdad90000 - 0x00007fffdafa7000 	C:\WINDOWS\SYSTEM32\ntdll.dll
0x00007fffd9910000 - 0x00007fffd99d4000 	C:\WINDOWS\System32\KERNEL32.DLL
0x00007fffd80e0000 - 0x00007fffd848d000 	C:\WINDOWS\System32\KERNELBASE.dll
0x00007fffd89a0000 - 0x00007fffd8ab1000 	C:\WINDOWS\System32\ucrtbase.dll
0x00007fffd1570000 - 0x00007fffd1589000 	C:\Users\KraftWork\Desktop\jdk-17.0.9\bin\jli.dll
0x00007fffd8ac0000 - 0x00007fffd8b72000 	C:\WINDOWS\System32\ADVAPI32.dll
0x00007fffceef0000 - 0x00007fffcef0b000 	C:\Users\KraftWork\Desktop\jdk-17.0.9\bin\VCRUNTIME140.dll
0x00007fffd99e0000 - 0x00007fffd9a87000 	C:\WINDOWS\System32\msvcrt.dll
0x00007fffd9680000 - 0x00007fffd9729000 	C:\WINDOWS\System32\sechost.dll
0x00007fffd80b0000 - 0x00007fffd80d8000 	C:\WINDOWS\System32\bcrypt.dll
0x00007fffd9bd0000 - 0x00007fffd9ce4000 	C:\WINDOWS\System32\RPCRT4.dll
0x00007fffd8b80000 - 0x00007fffd8d2e000 	C:\WINDOWS\System32\USER32.dll
0x00007fffd8800000 - 0x00007fffd8826000 	C:\WINDOWS\System32\win32u.dll
0x00007fffd8f70000 - 0x00007fffd8f99000 	C:\WINDOWS\System32\GDI32.dll
0x00007fffc3ac0000 - 0x00007fffc3d53000 	C:\WINDOWS\WinSxS\amd64_microsoft.windows.common-controls_6595b64144ccf1df_6.0.22621.3672_none_2713b9d173822955\COMCTL32.dll
0x00007fffd8490000 - 0x00007fffd85a9000 	C:\WINDOWS\System32\gdi32full.dll
0x00007fffd85b0000 - 0x00007fffd864a000 	C:\WINDOWS\System32\msvcp_win.dll
0x00007fffd5c90000 - 0x00007fffd5c9a000 	C:\WINDOWS\SYSTEM32\VERSION.dll
0x00007fffd8fa0000 - 0x00007fffd8fd1000 	C:\WINDOWS\System32\IMM32.DLL
0x00007fffd4d20000 - 0x00007fffd4d2c000 	C:\Users\KraftWork\Desktop\jdk-17.0.9\bin\vcruntime140_1.dll
0x00007fffbf000000 - 0x00007fffbf08e000 	C:\Users\KraftWork\Desktop\jdk-17.0.9\bin\msvcp140.dll
0x00007fff009c0000 - 0x00007fff015a1000 	C:\Users\KraftWork\Desktop\jdk-17.0.9\bin\server\jvm.dll
0x00007fffd9560000 - 0x00007fffd9568000 	C:\WINDOWS\System32\PSAPI.DLL
0x00007fffd1e00000 - 0x00007fffd1e34000 	C:\WINDOWS\SYSTEM32\WINMM.dll
0x00007fffb4300000 - 0x00007fffb4309000 	C:\WINDOWS\SYSTEM32\WSOCK32.dll
0x00007fffd8d30000 - 0x00007fffd8da1000 	C:\WINDOWS\System32\WS2_32.dll
0x00007fffd70c0000 - 0x00007fffd70d8000 	C:\WINDOWS\SYSTEM32\kernel.appcore.dll
0x00007fffd1f50000 - 0x00007fffd1f5a000 	C:\Users\KraftWork\Desktop\jdk-17.0.9\bin\jimage.dll
0x00007fffd0fb0000 - 0x00007fffd11e2000 	C:\WINDOWS\SYSTEM32\DBGHELP.DLL
0x00007fffd9f40000 - 0x00007fffda2ce000 	C:\WINDOWS\System32\combase.dll
0x00007fffd9a90000 - 0x00007fffd9b67000 	C:\WINDOWS\System32\OLEAUT32.dll
0x00007fffd0e30000 - 0x00007fffd0e62000 	C:\WINDOWS\SYSTEM32\dbgcore.DLL
0x00007fffd8780000 - 0x00007fffd87fb000 	C:\WINDOWS\System32\bcryptPrimitives.dll
0x00007fffd1560000 - 0x00007fffd156e000 	C:\Users\KraftWork\Desktop\jdk-17.0.9\bin\instrument.dll
0x00007fffce6c0000 - 0x00007fffce6e5000 	C:\Users\KraftWork\Desktop\jdk-17.0.9\bin\java.dll

dbghelp: loaded successfully - version: 4.0.5 - missing functions: none
symbol engine: initialized successfully - sym options: 0x614 - pdb path: .;C:\Users\KraftWork\Desktop\jdk-17.0.9\bin;C:\WINDOWS\SYSTEM32;C:\WINDOWS\WinSxS\amd64_microsoft.windows.common-controls_6595b64144ccf1df_6.0.22621.3672_none_2713b9d173822955;C:\Users\KraftWork\Desktop\jdk-17.0.9\bin\server

VM Arguments:
jvm_args: -Dmaven.multiModuleProjectDirectory=C:\Users\KraftWork\Desktop\SPBWS\Spring_L\microservicesdemo\movie-catalog-service -Djansi.passthrough=true -Dmaven.home=C:\Program Files\JetBrains\IntelliJ IDEA Community Edition 2024.1.1\plugins\maven\lib\maven3 -Dclassworlds.conf=C:\Program Files\JetBrains\IntelliJ IDEA Community Edition 2024.1.1\plugins\maven\lib\maven3\bin\m2.conf -Dmaven.ext.class.path=C:\Program Files\JetBrains\IntelliJ IDEA Community Edition 2024.1.1\plugins\maven\lib\maven-event-listener.jar -javaagent:C:\Program Files\JetBrains\IntelliJ IDEA Community Edition 2024.1.1\lib\idea_rt.jar=55954:C:\Program Files\JetBrains\IntelliJ IDEA Community Edition 2024.1.1\bin -Dfile.encoding=UTF-8 
java_command: org.codehaus.classworlds.Launcher -Didea.version=2024.1.1 spring-boot:run
java_class_path (initial): C:\Program Files\JetBrains\IntelliJ IDEA Community Edition 2024.1.1\plugins\maven\lib\maven3\boot\plexus-classworlds-2.7.0.jar;C:\Program Files\JetBrains\IntelliJ IDEA Community Edition 2024.1.1\plugins\maven\lib\maven3\boot\plexus-classworlds.license
Launcher Type: SUN_STANDARD

[Global flags]
     intx CICompilerCount                          = 4                                         {product} {ergonomic}
     uint ConcGCThreads                            = 2                                         {product} {ergonomic}
     uint G1ConcRefinementThreads                  = 8                                         {product} {ergonomic}
   size_t G1HeapRegionSize                         = 1048576                                   {product} {ergonomic}
    uintx GCDrainStackTargetSize                   = 64                                        {product} {ergonomic}
   size_t InitialHeapSize                          = 134217728                                 {product} {ergonomic}
   size_t MarkStackSize                            = 4194304                                   {product} {ergonomic}
   size_t MaxHeapSize                              = 2116026368                                {product} {ergonomic}
   size_t MinHeapDeltaBytes                        = 1048576                                   {product} {ergonomic}
   size_t MinHeapSize                              = 8388608                                   {product} {ergonomic}
    uintx NonNMethodCodeHeapSize                   = 5839372                                {pd product} {ergonomic}
    uintx NonProfiledCodeHeapSize                  = 122909434                              {pd product} {ergonomic}
    uintx ProfiledCodeHeapSize                     = 122909434                              {pd product} {ergonomic}
    uintx ReservedCodeCacheSize                    = 251658240                              {pd product} {ergonomic}
     bool SegmentedCodeCache                       = true                                      {product} {ergonomic}
   size_t SoftMaxHeapSize                          = 2116026368                             {manageable} {ergonomic}
     bool UseCompressedClassPointers               = true                           {product lp64_product} {ergonomic}
     bool UseCompressedOops                        = true                           {product lp64_product} {ergonomic}
     bool UseG1GC                                  = true                                      {product} {ergonomic}
     bool UseLargePagesIndividualAllocation        = false                                  {pd product} {ergonomic}

Logging:
Log output configuration:
 #0: stdout all=warning uptime,level,tags
 #1: stderr all=off uptime,level,tags

Environment Variables:
PATH=C:\WINDOWS\system32;C:\WINDOWS;C:\WINDOWS\System32\Wbem;C:\WINDOWS\System32\WindowsPowerShell\v1.0\;C:\WINDOWS\System32\OpenSSH\;C:\Users\KraftWork\xampp;C:\Users\KraftWork\xampp\htdocs;C:\xampp;C:\xampp\php;C:\ProgramData\ComposerSetup\bin;C:\Users\KraftWork\Desktop\apache-maven-3.9.4;C:\Users\KraftWork\Desktop\jdk-17.0.9\bin;C:\Program Files\Cloudflare\Cloudflare WARP\;C:\Program Files\Microsoft SQL Server\Client SDK\ODBC\170\Tools\Binn\;C:\Program Files\dotnet\;C:\Program Files (x86)\Microsoft SQL Server\160\DTS\Binn\;C:\Users\KraftWork\Downloads\apache-maven-3.9.8-bin\apache-maven-3.9.8\lib;C:\Program Files\nodejs\;C:\Program Files\GitAdmin\cmd;C:\Users\KraftWork\Downloads\go1.22.6.windows-amd64\go\bin;C:\Users\KraftWork\Documents\ffmpeg\ffmpeg-7.0.2-essentials_build\bin;C:\Program Files\OpenSSL-Win64\bin;;C:\Program Files\Docker\Docker\resources\bin;C:\xampp\php;C:\Users\KraftWork\AppData\Local\Microsoft\WindowsApps;C:\Users\KraftWork\AppData\Local\Programs\Microsoft VS Code\bin;C:\Users\KraftWork\xampp\phpMyAdmin\vendor\composer;C:\Users\KraftWork\Downloads\unzip-5.51-1-bin;C:\ProgramData\Microsoft\Windows\Start Menu\Programs\Node.js;C:\Users\KraftWork\AppData\Local\Programs\Git\cmd;C:\Users\KraftWork\xampp\htdocs;C:\Users\KraftWork\AppData\Local\ComposerSetup\bin;C:\Users\KraftWork\AppData\Roaming\Composer\vendor\bin;C:\Program Files\Java\bin;C:\Users\KraftWork\tools;C:\Program Files\MySQL\MySQL Server 8.0\bin;C:\Users\KraftWork\AppData\Local\GitHubDesktop\bin;C:\Users\KraftWork\.dotnet\tools;C:\Users\KraftWork\AppData\Roaming\npm
USERNAME=KraftWork
OS=Windows_NT
PROCESSOR_IDENTIFIER=Intel64 Family 6 Model 142 Stepping 10, GenuineIntel



---------------  S Y S T E M  ---------------

OS:
 Windows 11 , 64 bit Build 22621 (10.0.22621.3958)
OS uptime: 1 days 2:34 hours
Hyper-V role detected

CPU: total 8 (initial active 8) (4 cores per cpu, 2 threads per core) family 6 model 142 stepping 10 microcode 0xea, cx8, cmov, fxsr, ht, mmx, 3dnowpref, sse, sse2, sse3, ssse3, sse4.1, sse4.2, popcnt, lzcnt, tsc, tscinvbit, avx, avx2, aes, erms, clmul, bmi1, bmi2, adx, fma, vzeroupper, clflush, clflushopt, hv

Memory: 4k page, system-wide physical 8070M (92M free)
TotalPageFile size 32646M (AvailPageFile size 130M)
current process WorkingSet (physical memory assigned to process): 11M, peak: 11M
current process commit charge ("private bytes"): 60M, peak: 188M

vm_info: Java HotSpot(TM) 64-Bit Server VM (17.0.9+11-LTS-201) for windows-amd64 JRE (17.0.9+11-LTS-201), built on Oct 10 2023 23:16:06 by "mach5one" with MS VC++ 17.1 (VS2022)

END.
