#
# There is insufficient memory for the Java Runtime Environment to continue.
# Native memory allocation (malloc) failed to allocate 39968 bytes for Chunk::new
# Possible reasons:
#   The system is out of physical RAM or swap space
#   The process is running with CompressedOops enabled, and the Java Heap may be blocking the growth of the native heap
# Possible solutions:
#   Reduce memory load on the system
#   Increase physical memory or swap space
#   Check if swap backing store is full
#   Decrease Java heap size (-Xmx/-Xms)
#   Decrease number of Java threads
#   Decrease Java thread stack sizes (-Xss)
#   Set larger code cache with -XX:ReservedCodeCacheSize=
#   JVM is running with Unscaled Compressed Oops mode in which the Java heap is
#     placed in the first 4GB address space. The Java Heap base address is the
#     maximum limit for the native heap growth. Please use -XX:HeapBaseMinAddress
#     to set the Java Heap base and to place the Java Heap above 4GB virtual address.
# This output file may be truncated or incomplete.
#
#  Out of Memory Error (arena.cpp:189), pid=23964, tid=18136
#
# JRE version: Java(TM) SE Runtime Environment (17.0.9+11) (build 17.0.9+11-LTS-201)
# Java VM: Java HotSpot(TM) 64-Bit Server VM (17.0.9+11-LTS-201, mixed mode, sharing, tiered, compressed oops, compressed class ptrs, g1 gc, windows-amd64)
# No core dump will be written. Minidumps are not enabled by default on client versions of Windows
#

---------------  S U M M A R Y ------------

Command Line: -Dmaven.multiModuleProjectDirectory=C:\Users\KraftWork\Desktop\SPBWS\Spring_L\microservicesdemo\rating-data-service -Djansi.passthrough=true -Dmaven.home=C:\Users\KraftWork\.m2\wrapper\dists\apache-maven-3.9.7-bin\3k9n615lchs6mp84v355m633uo\apache-maven-3.9.7 -Dclassworlds.conf=C:\Users\KraftWork\.m2\wrapper\dists\apache-maven-3.9.7-bin\3k9n615lchs6mp84v355m633uo\apache-maven-3.9.7\bin\m2.conf -Dmaven.ext.class.path=C:\Program Files\JetBrains\IntelliJ IDEA Community Edition 2024.1.1\plugins\maven\lib\maven-event-listener.jar -javaagent:C:\Program Files\JetBrains\IntelliJ IDEA Community Edition 2024.1.1\lib\idea_rt.jar=55922:C:\Program Files\JetBrains\IntelliJ IDEA Community Edition 2024.1.1\bin -Dfile.encoding=UTF-8 org.codehaus.classworlds.Launcher -Didea.version=2024.1.1 spring-boot:run

Host: Intel(R) Core(TM) i5-8250U CPU @ 1.60GHz, 8 cores, 7G,  Windows 11 , 64 bit Build 22621 (10.0.22621.3958)
Time: Tue Sep  3 16:10:36 2024 Myanmar Standard Time elapsed time: 0.619258 seconds (0d 0h 0m 0s)

---------------  T H R E A D  ---------------

Current thread (0x0000020a1edfd7b0):  JavaThread "C2 CompilerThread0" daemon [_thread_in_native, id=18136, stack(0x000000d819300000,0x000000d819400000)]


Current CompileTask:
C2:    619  302       4       java.util.zip.ZipFile$Source::isMetaName (141 bytes)

Stack: [0x000000d819300000,0x000000d819400000]
Native frames: (J=compiled Java code, j=interpreted, Vv=VM code, C=native code)
V  [jvm.dll+0x678a4a]
V  [jvm.dll+0x7d9cfd]
V  [jvm.dll+0x7db60e]
V  [jvm.dll+0x7dbc73]
V  [jvm.dll+0x245e1f]
V  [jvm.dll+0xaaafb]
V  [jvm.dll+0xab09c]
V  [jvm.dll+0x36237e]
V  [jvm.dll+0x32ca01]
V  [jvm.dll+0x32be9a]
V  [jvm.dll+0x21812f]
V  [jvm.dll+0x217561]
V  [jvm.dll+0x1a3bc0]
V  [jvm.dll+0x2272de]
V  [jvm.dll+0x22548b]
V  [jvm.dll+0x78f58c]
V  [jvm.dll+0x78998a]
V  [jvm.dll+0x677875]
C  [ucrtbase.dll+0x29333]
C  [KERNEL32.DLL+0x1257d]
C  [ntdll.dll+0x5af28]


---------------  P R O C E S S  ---------------

Threads class SMR info:
_java_thread_list=0x0000020a6410a460, length=13, elements={
0x0000020a7f8b3ed0, 0x0000020a1edd8c50, 0x0000020a1eddaa80, 0x0000020a1eded950,
0x0000020a1edf08a0, 0x0000020a1edf62e0, 0x0000020a1edf5dd0, 0x0000020a1edfd7b0,
0x0000020a1edfe260, 0x0000020a1edf3f70, 0x0000020a1edf7210, 0x0000020a1edf58c0,
0x0000020a1edf53b0
}

Java Threads: ( => current thread )
  0x0000020a7f8b3ed0 JavaThread "main" [_thread_in_Java, id=31120, stack(0x000000d818600000,0x000000d818700000)]
  0x0000020a1edd8c50 JavaThread "Reference Handler" daemon [_thread_blocked, id=12960, stack(0x000000d818d00000,0x000000d818e00000)]
  0x0000020a1eddaa80 JavaThread "Finalizer" daemon [_thread_blocked, id=6064, stack(0x000000d818e00000,0x000000d818f00000)]
  0x0000020a1eded950 JavaThread "Signal Dispatcher" daemon [_thread_blocked, id=34364, stack(0x000000d818f00000,0x000000d819000000)]
  0x0000020a1edf08a0 JavaThread "Attach Listener" daemon [_thread_blocked, id=15176, stack(0x000000d819000000,0x000000d819100000)]
  0x0000020a1edf62e0 JavaThread "Service Thread" daemon [_thread_blocked, id=26860, stack(0x000000d819100000,0x000000d819200000)]
  0x0000020a1edf5dd0 JavaThread "Monitor Deflation Thread" daemon [_thread_blocked, id=34708, stack(0x000000d819200000,0x000000d819300000)]
=>0x0000020a1edfd7b0 JavaThread "C2 CompilerThread0" daemon [_thread_in_native, id=18136, stack(0x000000d819300000,0x000000d819400000)]
  0x0000020a1edfe260 JavaThread "C1 CompilerThread0" daemon [_thread_in_native, id=31164, stack(0x000000d819400000,0x000000d819500000)]
  0x0000020a1edf3f70 JavaThread "Sweeper thread" daemon [_thread_blocked, id=27776, stack(0x000000d819500000,0x000000d819600000)]
  0x0000020a1edf7210 JavaThread "Common-Cleaner" daemon [_thread_blocked, id=32228, stack(0x000000d819600000,0x000000d819700000)]
  0x0000020a1edf58c0 JavaThread "Monitor Ctrl-Break" daemon [_thread_in_native, id=33448, stack(0x000000d819700000,0x000000d819800000)]
  0x0000020a1edf53b0 JavaThread "Notification Thread" daemon [_thread_blocked, id=20184, stack(0x000000d819800000,0x000000d819900000)]

Other Threads:
  0x0000020a1edd3650 VMThread "VM Thread" [stack: 0x000000d818c00000,0x000000d818d00000] [id=29488]
  0x0000020a7f8b4d50 WatcherThread [stack: 0x000000d819900000,0x000000d819a00000] [id=10260]
  0x0000020a7f911da0 GCTaskThread "GC Thread#0" [stack: 0x000000d818700000,0x000000d818800000] [id=17256]
  0x0000020a7f922930 ConcurrentGCThread "G1 Main Marker" [stack: 0x000000d818800000,0x000000d818900000] [id=23744]
  0x0000020a7f923340 ConcurrentGCThread "G1 Conc#0" [stack: 0x000000d818900000,0x000000d818a00000] [id=28252]
  0x0000020a1ec92860 ConcurrentGCThread "G1 Refine#0" [stack: 0x000000d818a00000,0x000000d818b00000] [id=33672]
  0x0000020a1ec931a0 ConcurrentGCThread "G1 Service" [stack: 0x000000d818b00000,0x000000d818c00000] [id=18768]

Threads with active compile tasks:
C2 CompilerThread0      701  302       4       java.util.zip.ZipFile$Source::isMetaName (141 bytes)
C1 CompilerThread0      701  382       3       java.util.jar.JarFile::getEntry (35 bytes)

VM state: not at safepoint (normal execution)

VM Mutex/Monitor currently owned by a thread: None

Heap address: 0x0000000081e00000, size: 2018 MB, Compressed Oops mode: 32-bit

CDS archive(s) mapped at: [0x0000020a1f000000-0x0000020a1fbd0000-0x0000020a1fbd0000), size 12386304, SharedBaseAddress: 0x0000020a1f000000, ArchiveRelocationMode: 1.
Compressed class space mapped at: 0x0000020a20000000-0x0000020a60000000, reserved size: 1073741824
Narrow klass base: 0x0000020a1f000000, Narrow klass shift: 0, Narrow klass range: 0x100000000

GC Precious Log:
 CPUs: 8 total, 8 available
 Memory: 8070M
 Large Page Support: Disabled
 NUMA Support: Disabled
 Compressed Oops: Enabled (32-bit)
 Heap Region Size: 1M
 Heap Min Capacity: 8M
 Heap Initial Capacity: 128M
 Heap Max Capacity: 2018M
 Pre-touch: Disabled
 Parallel Workers: 8
 Concurrent Workers: 2
 Concurrent Refinement Workers: 8
 Periodic GC: Disabled

Heap:
 garbage-first heap   total 131072K, used 4096K [0x0000000081e00000, 0x0000000100000000)
  region size 1024K, 6 young (6144K), 0 survivors (0K)
 Metaspace       used 1249K, committed 1408K, reserved 1114112K
  class space    used 105K, committed 192K, reserved 1048576K

Heap Regions: E=young(eden), S=young(survivor), O=old, HS=humongous(starts), HC=humongous(continues), CS=collection set, F=free, OA=open archive, CA=closed archive, TAMS=top-at-mark-start (previous, next)
|   0|0x0000000081e00000, 0x0000000081e00000, 0x0000000081f00000|  0%| F|  |TAMS 0x0000000081e00000, 0x0000000081e00000| Untracked 
|   1|0x0000000081f00000, 0x0000000081f00000, 0x0000000082000000|  0%| F|  |TAMS 0x0000000081f00000, 0x0000000081f00000| Untracked 
|   2|0x0000000082000000, 0x0000000082000000, 0x0000000082100000|  0%| F|  |TAMS 0x0000000082000000, 0x0000000082000000| Untracked 
|   3|0x0000000082100000, 0x0000000082100000, 0x0000000082200000|  0%| F|  |TAMS 0x0000000082100000, 0x0000000082100000| Untracked 
|   4|0x0000000082200000, 0x0000000082200000, 0x0000000082300000|  0%| F|  |TAMS 0x0000000082200000, 0x0000000082200000| Untracked 
|   5|0x0000000082300000, 0x0000000082300000, 0x0000000082400000|  0%| F|  |TAMS 0x0000000082300000, 0x0000000082300000| Untracked 
|   6|0x0000000082400000, 0x0000000082400000, 0x0000000082500000|  0%| F|  |TAMS 0x0000000082400000, 0x0000000082400000| Untracked 
|   7|0x0000000082500000, 0x0000000082500000, 0x0000000082600000|  0%| F|  |TAMS 0x0000000082500000, 0x0000000082500000| Untracked 
|   8|0x0000000082600000, 0x0000000082600000, 0x0000000082700000|  0%| F|  |TAMS 0x0000000082600000, 0x0000000082600000| Untracked 
|   9|0x0000000082700000, 0x0000000082700000, 0x0000000082800000|  0%| F|  |TAMS 0x0000000082700000, 0x0000000082700000| Untracked 
|  10|0x0000000082800000, 0x0000000082800000, 0x0000000082900000|  0%| F|  |TAMS 0x0000000082800000, 0x0000000082800000| Untracked 
|  11|0x0000000082900000, 0x0000000082900000, 0x0000000082a00000|  0%| F|  |TAMS 0x0000000082900000, 0x0000000082900000| Untracked 
|  12|0x0000000082a00000, 0x0000000082a00000, 0x0000000082b00000|  0%| F|  |TAMS 0x0000000082a00000, 0x0000000082a00000| Untracked 
|  13|0x0000000082b00000, 0x0000000082b00000, 0x0000000082c00000|  0%| F|  |TAMS 0x0000000082b00000, 0x0000000082b00000| Untracked 
|  14|0x0000000082c00000, 0x0000000082c00000, 0x0000000082d00000|  0%| F|  |TAMS 0x0000000082c00000, 0x0000000082c00000| Untracked 
|  15|0x0000000082d00000, 0x0000000082d00000, 0x0000000082e00000|  0%| F|  |TAMS 0x0000000082d00000, 0x0000000082d00000| Untracked 
|  16|0x0000000082e00000, 0x0000000082e00000, 0x0000000082f00000|  0%| F|  |TAMS 0x0000000082e00000, 0x0000000082e00000| Untracked 
|  17|0x0000000082f00000, 0x0000000082f00000, 0x0000000083000000|  0%| F|  |TAMS 0x0000000082f00000, 0x0000000082f00000| Untracked 
|  18|0x0000000083000000, 0x0000000083000000, 0x0000000083100000|  0%| F|  |TAMS 0x0000000083000000, 0x0000000083000000| Untracked 
|  19|0x0000000083100000, 0x0000000083100000, 0x0000000083200000|  0%| F|  |TAMS 0x0000000083100000, 0x0000000083100000| Untracked 
|  20|0x0000000083200000, 0x0000000083200000, 0x0000000083300000|  0%| F|  |TAMS 0x0000000083200000, 0x0000000083200000| Untracked 
|  21|0x0000000083300000, 0x0000000083300000, 0x0000000083400000|  0%| F|  |TAMS 0x0000000083300000, 0x0000000083300000| Untracked 
|  22|0x0000000083400000, 0x0000000083400000, 0x0000000083500000|  0%| F|  |TAMS 0x0000000083400000, 0x0000000083400000| Untracked 
|  23|0x0000000083500000, 0x0000000083500000, 0x0000000083600000|  0%| F|  |TAMS 0x0000000083500000, 0x0000000083500000| Untracked 
|  24|0x0000000083600000, 0x0000000083600000, 0x0000000083700000|  0%| F|  |TAMS 0x0000000083600000, 0x0000000083600000| Untracked 
|  25|0x0000000083700000, 0x0000000083700000, 0x0000000083800000|  0%| F|  |TAMS 0x0000000083700000, 0x0000000083700000| Untracked 
|  26|0x0000000083800000, 0x0000000083800000, 0x0000000083900000|  0%| F|  |TAMS 0x0000000083800000, 0x0000000083800000| Untracked 
|  27|0x0000000083900000, 0x0000000083900000, 0x0000000083a00000|  0%| F|  |TAMS 0x0000000083900000, 0x0000000083900000| Untracked 
|  28|0x0000000083a00000, 0x0000000083a00000, 0x0000000083b00000|  0%| F|  |TAMS 0x0000000083a00000, 0x0000000083a00000| Untracked 
|  29|0x0000000083b00000, 0x0000000083b00000, 0x0000000083c00000|  0%| F|  |TAMS 0x0000000083b00000, 0x0000000083b00000| Untracked 
|  30|0x0000000083c00000, 0x0000000083c00000, 0x0000000083d00000|  0%| F|  |TAMS 0x0000000083c00000, 0x0000000083c00000| Untracked 
|  31|0x0000000083d00000, 0x0000000083d00000, 0x0000000083e00000|  0%| F|  |TAMS 0x0000000083d00000, 0x0000000083d00000| Untracked 
|  32|0x0000000083e00000, 0x0000000083e00000, 0x0000000083f00000|  0%| F|  |TAMS 0x0000000083e00000, 0x0000000083e00000| Untracked 
|  33|0x0000000083f00000, 0x0000000083f00000, 0x0000000084000000|  0%| F|  |TAMS 0x0000000083f00000, 0x0000000083f00000| Untracked 
|  34|0x0000000084000000, 0x0000000084000000, 0x0000000084100000|  0%| F|  |TAMS 0x0000000084000000, 0x0000000084000000| Untracked 
|  35|0x0000000084100000, 0x0000000084100000, 0x0000000084200000|  0%| F|  |TAMS 0x0000000084100000, 0x0000000084100000| Untracked 
|  36|0x0000000084200000, 0x0000000084200000, 0x0000000084300000|  0%| F|  |TAMS 0x0000000084200000, 0x0000000084200000| Untracked 
|  37|0x0000000084300000, 0x0000000084300000, 0x0000000084400000|  0%| F|  |TAMS 0x0000000084300000, 0x0000000084300000| Untracked 
|  38|0x0000000084400000, 0x0000000084400000, 0x0000000084500000|  0%| F|  |TAMS 0x0000000084400000, 0x0000000084400000| Untracked 
|  39|0x0000000084500000, 0x0000000084500000, 0x0000000084600000|  0%| F|  |TAMS 0x0000000084500000, 0x0000000084500000| Untracked 
|  40|0x0000000084600000, 0x0000000084600000, 0x0000000084700000|  0%| F|  |TAMS 0x0000000084600000, 0x0000000084600000| Untracked 
|  41|0x0000000084700000, 0x0000000084700000, 0x0000000084800000|  0%| F|  |TAMS 0x0000000084700000, 0x0000000084700000| Untracked 
|  42|0x0000000084800000, 0x0000000084800000, 0x0000000084900000|  0%| F|  |TAMS 0x0000000084800000, 0x0000000084800000| Untracked 
|  43|0x0000000084900000, 0x0000000084900000, 0x0000000084a00000|  0%| F|  |TAMS 0x0000000084900000, 0x0000000084900000| Untracked 
|  44|0x0000000084a00000, 0x0000000084a00000, 0x0000000084b00000|  0%| F|  |TAMS 0x0000000084a00000, 0x0000000084a00000| Untracked 
|  45|0x0000000084b00000, 0x0000000084b00000, 0x0000000084c00000|  0%| F|  |TAMS 0x0000000084b00000, 0x0000000084b00000| Untracked 
|  46|0x0000000084c00000, 0x0000000084c00000, 0x0000000084d00000|  0%| F|  |TAMS 0x0000000084c00000, 0x0000000084c00000| Untracked 
|  47|0x0000000084d00000, 0x0000000084d00000, 0x0000000084e00000|  0%| F|  |TAMS 0x0000000084d00000, 0x0000000084d00000| Untracked 
|  48|0x0000000084e00000, 0x0000000084e00000, 0x0000000084f00000|  0%| F|  |TAMS 0x0000000084e00000, 0x0000000084e00000| Untracked 
|  49|0x0000000084f00000, 0x0000000084f00000, 0x0000000085000000|  0%| F|  |TAMS 0x0000000084f00000, 0x0000000084f00000| Untracked 
|  50|0x0000000085000000, 0x0000000085000000, 0x0000000085100000|  0%| F|  |TAMS 0x0000000085000000, 0x0000000085000000| Untracked 
|  51|0x0000000085100000, 0x0000000085100000, 0x0000000085200000|  0%| F|  |TAMS 0x0000000085100000, 0x0000000085100000| Untracked 
|  52|0x0000000085200000, 0x0000000085200000, 0x0000000085300000|  0%| F|  |TAMS 0x0000000085200000, 0x0000000085200000| Untracked 
|  53|0x0000000085300000, 0x0000000085300000, 0x0000000085400000|  0%| F|  |TAMS 0x0000000085300000, 0x0000000085300000| Untracked 
|  54|0x0000000085400000, 0x0000000085400000, 0x0000000085500000|  0%| F|  |TAMS 0x0000000085400000, 0x0000000085400000| Untracked 
|  55|0x0000000085500000, 0x0000000085500000, 0x0000000085600000|  0%| F|  |TAMS 0x0000000085500000, 0x0000000085500000| Untracked 
|  56|0x0000000085600000, 0x0000000085600000, 0x0000000085700000|  0%| F|  |TAMS 0x0000000085600000, 0x0000000085600000| Untracked 
|  57|0x0000000085700000, 0x0000000085700000, 0x0000000085800000|  0%| F|  |TAMS 0x0000000085700000, 0x0000000085700000| Untracked 
|  58|0x0000000085800000, 0x0000000085800000, 0x0000000085900000|  0%| F|  |TAMS 0x0000000085800000, 0x0000000085800000| Untracked 
|  59|0x0000000085900000, 0x0000000085900000, 0x0000000085a00000|  0%| F|  |TAMS 0x0000000085900000, 0x0000000085900000| Untracked 
|  60|0x0000000085a00000, 0x0000000085a00000, 0x0000000085b00000|  0%| F|  |TAMS 0x0000000085a00000, 0x0000000085a00000| Untracked 
|  61|0x0000000085b00000, 0x0000000085b00000, 0x0000000085c00000|  0%| F|  |TAMS 0x0000000085b00000, 0x0000000085b00000| Untracked 
|  62|0x0000000085c00000, 0x0000000085c00000, 0x0000000085d00000|  0%| F|  |TAMS 0x0000000085c00000, 0x0000000085c00000| Untracked 
|  63|0x0000000085d00000, 0x0000000085d00000, 0x0000000085e00000|  0%| F|  |TAMS 0x0000000085d00000, 0x0000000085d00000| Untracked 
|  64|0x0000000085e00000, 0x0000000085e00000, 0x0000000085f00000|  0%| F|  |TAMS 0x0000000085e00000, 0x0000000085e00000| Untracked 
|  65|0x0000000085f00000, 0x0000000085f00000, 0x0000000086000000|  0%| F|  |TAMS 0x0000000085f00000, 0x0000000085f00000| Untracked 
|  66|0x0000000086000000, 0x0000000086000000, 0x0000000086100000|  0%| F|  |TAMS 0x0000000086000000, 0x0000000086000000| Untracked 
|  67|0x0000000086100000, 0x0000000086100000, 0x0000000086200000|  0%| F|  |TAMS 0x0000000086100000, 0x0000000086100000| Untracked 
|  68|0x0000000086200000, 0x0000000086200000, 0x0000000086300000|  0%| F|  |TAMS 0x0000000086200000, 0x0000000086200000| Untracked 
|  69|0x0000000086300000, 0x0000000086300000, 0x0000000086400000|  0%| F|  |TAMS 0x0000000086300000, 0x0000000086300000| Untracked 
|  70|0x0000000086400000, 0x0000000086400000, 0x0000000086500000|  0%| F|  |TAMS 0x0000000086400000, 0x0000000086400000| Untracked 
|  71|0x0000000086500000, 0x0000000086500000, 0x0000000086600000|  0%| F|  |TAMS 0x0000000086500000, 0x0000000086500000| Untracked 
|  72|0x0000000086600000, 0x0000000086600000, 0x0000000086700000|  0%| F|  |TAMS 0x0000000086600000, 0x0000000086600000| Untracked 
|  73|0x0000000086700000, 0x0000000086700000, 0x0000000086800000|  0%| F|  |TAMS 0x0000000086700000, 0x0000000086700000| Untracked 
|  74|0x0000000086800000, 0x0000000086800000, 0x0000000086900000|  0%| F|  |TAMS 0x0000000086800000, 0x0000000086800000| Untracked 
|  75|0x0000000086900000, 0x0000000086900000, 0x0000000086a00000|  0%| F|  |TAMS 0x0000000086900000, 0x0000000086900000| Untracked 
|  76|0x0000000086a00000, 0x0000000086a00000, 0x0000000086b00000|  0%| F|  |TAMS 0x0000000086a00000, 0x0000000086a00000| Untracked 
|  77|0x0000000086b00000, 0x0000000086b00000, 0x0000000086c00000|  0%| F|  |TAMS 0x0000000086b00000, 0x0000000086b00000| Untracked 
|  78|0x0000000086c00000, 0x0000000086c00000, 0x0000000086d00000|  0%| F|  |TAMS 0x0000000086c00000, 0x0000000086c00000| Untracked 
|  79|0x0000000086d00000, 0x0000000086d00000, 0x0000000086e00000|  0%| F|  |TAMS 0x0000000086d00000, 0x0000000086d00000| Untracked 
|  80|0x0000000086e00000, 0x0000000086e00000, 0x0000000086f00000|  0%| F|  |TAMS 0x0000000086e00000, 0x0000000086e00000| Untracked 
|  81|0x0000000086f00000, 0x0000000086f00000, 0x0000000087000000|  0%| F|  |TAMS 0x0000000086f00000, 0x0000000086f00000| Untracked 
|  82|0x0000000087000000, 0x0000000087000000, 0x0000000087100000|  0%| F|  |TAMS 0x0000000087000000, 0x0000000087000000| Untracked 
|  83|0x0000000087100000, 0x0000000087100000, 0x0000000087200000|  0%| F|  |TAMS 0x0000000087100000, 0x0000000087100000| Untracked 
|  84|0x0000000087200000, 0x0000000087200000, 0x0000000087300000|  0%| F|  |TAMS 0x0000000087200000, 0x0000000087200000| Untracked 
|  85|0x0000000087300000, 0x0000000087300000, 0x0000000087400000|  0%| F|  |TAMS 0x0000000087300000, 0x0000000087300000| Untracked 
|  86|0x0000000087400000, 0x0000000087400000, 0x0000000087500000|  0%| F|  |TAMS 0x0000000087400000, 0x0000000087400000| Untracked 
|  87|0x0000000087500000, 0x0000000087500000, 0x0000000087600000|  0%| F|  |TAMS 0x0000000087500000, 0x0000000087500000| Untracked 
|  88|0x0000000087600000, 0x0000000087600000, 0x0000000087700000|  0%| F|  |TAMS 0x0000000087600000, 0x0000000087600000| Untracked 
|  89|0x0000000087700000, 0x0000000087700000, 0x0000000087800000|  0%| F|  |TAMS 0x0000000087700000, 0x0000000087700000| Untracked 
|  90|0x0000000087800000, 0x0000000087800000, 0x0000000087900000|  0%| F|  |TAMS 0x0000000087800000, 0x0000000087800000| Untracked 
|  91|0x0000000087900000, 0x0000000087900000, 0x0000000087a00000|  0%| F|  |TAMS 0x0000000087900000, 0x0000000087900000| Untracked 
|  92|0x0000000087a00000, 0x0000000087a00000, 0x0000000087b00000|  0%| F|  |TAMS 0x0000000087a00000, 0x0000000087a00000| Untracked 
|  93|0x0000000087b00000, 0x0000000087b00000, 0x0000000087c00000|  0%| F|  |TAMS 0x0000000087b00000, 0x0000000087b00000| Untracked 
|  94|0x0000000087c00000, 0x0000000087c00000, 0x0000000087d00000|  0%| F|  |TAMS 0x0000000087c00000, 0x0000000087c00000| Untracked 
|  95|0x0000000087d00000, 0x0000000087d00000, 0x0000000087e00000|  0%| F|  |TAMS 0x0000000087d00000, 0x0000000087d00000| Untracked 
|  96|0x0000000087e00000, 0x0000000087e00000, 0x0000000087f00000|  0%| F|  |TAMS 0x0000000087e00000, 0x0000000087e00000| Untracked 
|  97|0x0000000087f00000, 0x0000000087f00000, 0x0000000088000000|  0%| F|  |TAMS 0x0000000087f00000, 0x0000000087f00000| Untracked 
|  98|0x0000000088000000, 0x0000000088000000, 0x0000000088100000|  0%| F|  |TAMS 0x0000000088000000, 0x0000000088000000| Untracked 
|  99|0x0000000088100000, 0x0000000088100000, 0x0000000088200000|  0%| F|  |TAMS 0x0000000088100000, 0x0000000088100000| Untracked 
| 100|0x0000000088200000, 0x0000000088200000, 0x0000000088300000|  0%| F|  |TAMS 0x0000000088200000, 0x0000000088200000| Untracked 
| 101|0x0000000088300000, 0x0000000088300000, 0x0000000088400000|  0%| F|  |TAMS 0x0000000088300000, 0x0000000088300000| Untracked 
| 102|0x0000000088400000, 0x0000000088400000, 0x0000000088500000|  0%| F|  |TAMS 0x0000000088400000, 0x0000000088400000| Untracked 
| 103|0x0000000088500000, 0x0000000088500000, 0x0000000088600000|  0%| F|  |TAMS 0x0000000088500000, 0x0000000088500000| Untracked 
| 104|0x0000000088600000, 0x0000000088600000, 0x0000000088700000|  0%| F|  |TAMS 0x0000000088600000, 0x0000000088600000| Untracked 
| 105|0x0000000088700000, 0x0000000088700000, 0x0000000088800000|  0%| F|  |TAMS 0x0000000088700000, 0x0000000088700000| Untracked 
| 106|0x0000000088800000, 0x0000000088800000, 0x0000000088900000|  0%| F|  |TAMS 0x0000000088800000, 0x0000000088800000| Untracked 
| 107|0x0000000088900000, 0x0000000088900000, 0x0000000088a00000|  0%| F|  |TAMS 0x0000000088900000, 0x0000000088900000| Untracked 
| 108|0x0000000088a00000, 0x0000000088a00000, 0x0000000088b00000|  0%| F|  |TAMS 0x0000000088a00000, 0x0000000088a00000| Untracked 
| 109|0x0000000088b00000, 0x0000000088b00000, 0x0000000088c00000|  0%| F|  |TAMS 0x0000000088b00000, 0x0000000088b00000| Untracked 
| 110|0x0000000088c00000, 0x0000000088c00000, 0x0000000088d00000|  0%| F|  |TAMS 0x0000000088c00000, 0x0000000088c00000| Untracked 
| 111|0x0000000088d00000, 0x0000000088d00000, 0x0000000088e00000|  0%| F|  |TAMS 0x0000000088d00000, 0x0000000088d00000| Untracked 
| 112|0x0000000088e00000, 0x0000000088e00000, 0x0000000088f00000|  0%| F|  |TAMS 0x0000000088e00000, 0x0000000088e00000| Untracked 
| 113|0x0000000088f00000, 0x0000000088f00000, 0x0000000089000000|  0%| F|  |TAMS 0x0000000088f00000, 0x0000000088f00000| Untracked 
| 114|0x0000000089000000, 0x0000000089000000, 0x0000000089100000|  0%| F|  |TAMS 0x0000000089000000, 0x0000000089000000| Untracked 
| 115|0x0000000089100000, 0x0000000089100000, 0x0000000089200000|  0%| F|  |TAMS 0x0000000089100000, 0x0000000089100000| Untracked 
| 116|0x0000000089200000, 0x0000000089200000, 0x0000000089300000|  0%| F|  |TAMS 0x0000000089200000, 0x0000000089200000| Untracked 
| 117|0x0000000089300000, 0x0000000089300000, 0x0000000089400000|  0%| F|  |TAMS 0x0000000089300000, 0x0000000089300000| Untracked 
| 118|0x0000000089400000, 0x0000000089400000, 0x0000000089500000|  0%| F|  |TAMS 0x0000000089400000, 0x0000000089400000| Untracked 
| 119|0x0000000089500000, 0x0000000089500000, 0x0000000089600000|  0%| F|  |TAMS 0x0000000089500000, 0x0000000089500000| Untracked 
| 120|0x0000000089600000, 0x0000000089600000, 0x0000000089700000|  0%| F|  |TAMS 0x0000000089600000, 0x0000000089600000| Untracked 
| 121|0x0000000089700000, 0x0000000089700000, 0x0000000089800000|  0%| F|  |TAMS 0x0000000089700000, 0x0000000089700000| Untracked 
| 122|0x0000000089800000, 0x0000000089876c58, 0x0000000089900000| 46%| E|  |TAMS 0x0000000089800000, 0x0000000089800000| Complete 
| 123|0x0000000089900000, 0x0000000089a00000, 0x0000000089a00000|100%| E|CS|TAMS 0x0000000089900000, 0x0000000089900000| Complete 
| 124|0x0000000089a00000, 0x0000000089b00000, 0x0000000089b00000|100%| E|CS|TAMS 0x0000000089a00000, 0x0000000089a00000| Complete 
| 125|0x0000000089b00000, 0x0000000089c00000, 0x0000000089c00000|100%| E|  |TAMS 0x0000000089b00000, 0x0000000089b00000| Complete 
| 126|0x0000000089c00000, 0x0000000089d00000, 0x0000000089d00000|100%| E|CS|TAMS 0x0000000089c00000, 0x0000000089c00000| Complete 
| 127|0x0000000089d00000, 0x0000000089e00000, 0x0000000089e00000|100%| E|CS|TAMS 0x0000000089d00000, 0x0000000089d00000| Complete 

Card table byte_map: [0x0000020a17fe0000,0x0000020a183e0000] _byte_map_base: 0x0000020a17bd1000

Marking Bits (Prev, Next): (CMBitMap*) 0x0000020a7f9123c0, (CMBitMap*) 0x0000020a7f912400
 Prev Bits: [0x0000020a187e0000, 0x0000020a1a768000)
 Next Bits: [0x0000020a1a770000, 0x0000020a1c6f8000)

Polling page: 0x0000020a7ec10000

Metaspace:

Usage:
  Non-class:      1.16 MB used.
      Class:    108.52 KB used.
       Both:      1.26 MB used.

Virtual space:
  Non-class space:       64.00 MB reserved,       1.25 MB (  2%) committed,  1 nodes.
      Class space:        1.00 GB reserved,     192.00 KB ( <1%) committed,  1 nodes.
             Both:        1.06 GB reserved,       1.44 MB ( <1%) committed. 

Chunk freelists:
   Non-Class:  11.78 MB
       Class:  15.70 MB
        Both:  27.48 MB

MaxMetaspaceSize: unlimited
CompressedClassSpaceSize: 1.00 GB
Initial GC threshold: 21.00 MB
Current GC threshold: 21.00 MB
CDS: on
MetaspaceReclaimPolicy: balanced
 - commit_granule_bytes: 65536.
 - commit_granule_words: 8192.
 - virtual_space_node_default_size: 8388608.
 - enlarge_chunks_in_place: 1.
 - new_chunks_are_fully_committed: 0.
 - uncommit_free_chunks: 1.
 - use_allocation_guard: 0.
 - handle_deallocations: 1.


Internal statistics:

num_allocs_failed_limit: 0.
num_arena_births: 16.
num_arena_deaths: 0.
num_vsnodes_births: 2.
num_vsnodes_deaths: 0.
num_space_committed: 23.
num_space_uncommitted: 0.
num_chunks_returned_to_freelist: 0.
num_chunks_taken_from_freelist: 35.
num_chunk_merges: 0.
num_chunk_splits: 21.
num_chunks_enlarged: 16.
num_inconsistent_stats: 0.

CodeHeap 'non-profiled nmethods': size=120000Kb used=124Kb max_used=124Kb free=119875Kb
 bounds [0x0000020a106b0000, 0x0000020a10920000, 0x0000020a17be0000]
CodeHeap 'profiled nmethods': size=120000Kb used=532Kb max_used=532Kb free=119467Kb
 bounds [0x0000020a08be0000, 0x0000020a08e50000, 0x0000020a10110000]
CodeHeap 'non-nmethods': size=5760Kb used=1126Kb max_used=1146Kb free=4634Kb
 bounds [0x0000020a10110000, 0x0000020a10380000, 0x0000020a106b0000]
 total_blobs=791 nmethods=384 adapters=320
 compilation: enabled
              stopped_count=0, restarted_count=0
 full_count=0

Compilation events (20 events):
Event: 0.577 Thread 0x0000020a1edfe260  304   !   3       java.util.zip.ZipFile$Source::readFullyAt (74 bytes)
Event: 0.578 Thread 0x0000020a1edfe260 nmethod 304 0x0000020a08c3b910 code [0x0000020a08c3bb00, 0x0000020a08c3c0c8]
Event: 0.582 Thread 0x0000020a1edfe260  305       3       java.lang.CharacterDataLatin1::toUpperCase (53 bytes)
Event: 0.583 Thread 0x0000020a1edfe260 nmethod 305 0x0000020a08c3c490 code [0x0000020a08c3c640, 0x0000020a08c3c8d8]
Event: 0.593 Thread 0x0000020a1edfe260  306       3       java.util.zip.ZipFile::ensureOpen (40 bytes)
Event: 0.594 Thread 0x0000020a1edfe260 nmethod 306 0x0000020a08c3ca10 code [0x0000020a08c3cbe0, 0x0000020a08c3ce78]
Event: 0.594 Thread 0x0000020a1edfe260  307       3       jdk.internal.misc.Unsafe::allocateUninitializedArray (55 bytes)
Event: 0.594 Thread 0x0000020a1edfe260 nmethod 307 0x0000020a08c3cf90 code [0x0000020a08c3d180, 0x0000020a08c3d5f8]
Event: 0.599 Thread 0x0000020a1edfe260  308       1       sun.nio.fs.NativeBuffer::address (5 bytes)
Event: 0.599 Thread 0x0000020a1edfe260 nmethod 308 0x0000020a106c8190 code [0x0000020a106c8320, 0x0000020a106c83f8]
Event: 0.608 Thread 0x0000020a1edfe260  309       3       java.io.WinNTFileSystem::isLetter (30 bytes)
Event: 0.609 Thread 0x0000020a1edfe260 nmethod 309 0x0000020a08c3d790 code [0x0000020a08c3d920, 0x0000020a08c3db38]
Event: 0.609 Thread 0x0000020a1edfe260  310       3       java.lang.AbstractStringBuilder::appendChars (207 bytes)
Event: 0.611 Thread 0x0000020a1edfe260 nmethod 310 0x0000020a08c3dc10 code [0x0000020a08c3dec0, 0x0000020a08c3ee48]
Event: 0.611 Thread 0x0000020a1edfe260  311       3       java.lang.AbstractStringBuilder::append (63 bytes)
Event: 0.612 Thread 0x0000020a1edfe260 nmethod 311 0x0000020a08c3f410 code [0x0000020a08c3f600, 0x0000020a08c3fb68]
Event: 0.613 Thread 0x0000020a1edfd7b0 nmethod 300 0x0000020a106c8490 code [0x0000020a106c86c0, 0x0000020a106c9760]
Event: 0.613 Thread 0x0000020a1edfe260  312       3       sun.nio.fs.WindowsPathParser::nextNonSlash (24 bytes)
Event: 0.614 Thread 0x0000020a1edfd7b0  302       4       java.util.zip.ZipFile$Source::isMetaName (141 bytes)
Event: 0.615 Thread 0x0000020a1edfe260 nmethod 312 0x0000020a08c3fd10 code [0x0000020a08c3ff20, 0x0000020a08c40678]

GC Heap History (0 events):
No events

Deoptimization events (0 events):
No events

Classes unloaded (0 events):
No events

Classes redefined (0 events):
No events

Internal exceptions (3 events):
Event: 0.289 Thread 0x0000020a1edf58c0 Exception <a 'java/lang/NoSuchMethodError'{0x0000000089cf11e0}: 'java.lang.Object java.lang.invoke.DirectMethodHandle$Holder.invokeStaticInit(java.lang.Object)'> (0x0000000089cf11e0) 
thrown [s\open\src\hotspot\share\interpreter\linkResolver.cpp, line 759]
Event: 0.318 Thread 0x0000020a1edf58c0 Exception <a 'java/lang/NoSuchMethodError'{0x0000000089cfefe0}: 'void java.lang.invoke.DirectMethodHandle$Holder.invokeStatic(java.lang.Object, java.lang.Object)'> (0x0000000089cfefe0) 
thrown [s\open\src\hotspot\share\interpreter\linkResolver.cpp, line 759]
Event: 0.448 Thread 0x0000020a7f8b3ed0 Exception <a 'java/lang/NoSuchMethodError'{0x0000000089bbba78}: 'int java.lang.invoke.DirectMethodHandle$Holder.invokeSpecial(java.lang.Object, java.lang.Object, java.lang.Object)'> (0x0000000089bbba78) 
thrown [s\open\src\hotspot\share\interpreter\linkResolver.cpp, line 759]

VM Operations (4 events):
Event: 0.184 Executing VM operation: HandshakeAllThreads
Event: 0.184 Executing VM operation: HandshakeAllThreads done
Event: 0.283 Executing VM operation: HandshakeAllThreads
Event: 0.284 Executing VM operation: HandshakeAllThreads done

Events (20 events):
Event: 0.453 loading class jdk/internal/loader/URLClassPath$FileLoader
Event: 0.454 loading class jdk/internal/loader/URLClassPath$FileLoader done
Event: 0.546 loading class sun/net/www/protocol/file/FileURLConnection
Event: 0.547 loading class sun/net/www/URLConnection
Event: 0.547 loading class java/net/URLConnection
Event: 0.549 loading class java/net/URLConnection done
Event: 0.549 loading class sun/net/www/URLConnection done
Event: 0.549 loading class sun/net/www/protocol/file/FileURLConnection done
Event: 0.549 loading class sun/net/www/MessageHeader
Event: 0.550 loading class sun/net/www/MessageHeader done
Event: 0.550 loading class java/io/FilePermission$1
Event: 0.551 loading class jdk/internal/access/JavaIOFilePermissionAccess
Event: 0.551 loading class jdk/internal/access/JavaIOFilePermissionAccess done
Event: 0.551 loading class java/io/FilePermission$1 done
Event: 0.556 loading class java/io/FilePermissionCollection
Event: 0.556 loading class java/io/FilePermissionCollection done
Event: 0.556 loading class java/util/Vector
Event: 0.557 loading class java/util/Vector done
Event: 0.557 loading class java/io/FilePermissionCollection$1
Event: 0.557 loading class java/io/FilePermissionCollection$1 done


Dynamic libraries:
0x00007ff685780000 - 0x00007ff685790000 	C:\Users\KraftWork\Desktop\jdk-17.0.9\bin\java.exe
0x00007fffdad90000 - 0x00007fffdafa7000 	C:\WINDOWS\SYSTEM32\ntdll.dll
0x00007fffd9910000 - 0x00007fffd99d4000 	C:\WINDOWS\System32\KERNEL32.DLL
0x00007fffd80e0000 - 0x00007fffd848d000 	C:\WINDOWS\System32\KERNELBASE.dll
0x00007fffd89a0000 - 0x00007fffd8ab1000 	C:\WINDOWS\System32\ucrtbase.dll
0x00007fffd1570000 - 0x00007fffd1589000 	C:\Users\KraftWork\Desktop\jdk-17.0.9\bin\jli.dll
0x00007fffd8ac0000 - 0x00007fffd8b72000 	C:\WINDOWS\System32\ADVAPI32.dll
0x00007fffd99e0000 - 0x00007fffd9a87000 	C:\WINDOWS\System32\msvcrt.dll
0x00007fffd9680000 - 0x00007fffd9729000 	C:\WINDOWS\System32\sechost.dll
0x00007fffd80b0000 - 0x00007fffd80d8000 	C:\WINDOWS\System32\bcrypt.dll
0x00007fffd9bd0000 - 0x00007fffd9ce4000 	C:\WINDOWS\System32\RPCRT4.dll
0x00007fffd8b80000 - 0x00007fffd8d2e000 	C:\WINDOWS\System32\USER32.dll
0x00007fffd8800000 - 0x00007fffd8826000 	C:\WINDOWS\System32\win32u.dll
0x00007fffd8f70000 - 0x00007fffd8f99000 	C:\WINDOWS\System32\GDI32.dll
0x00007fffd8490000 - 0x00007fffd85a9000 	C:\WINDOWS\System32\gdi32full.dll
0x00007fffd85b0000 - 0x00007fffd864a000 	C:\WINDOWS\System32\msvcp_win.dll
0x00007fffceef0000 - 0x00007fffcef0b000 	C:\Users\KraftWork\Desktop\jdk-17.0.9\bin\VCRUNTIME140.dll
0x00007fffc3ac0000 - 0x00007fffc3d53000 	C:\WINDOWS\WinSxS\amd64_microsoft.windows.common-controls_6595b64144ccf1df_6.0.22621.3672_none_2713b9d173822955\COMCTL32.dll
0x00007fffd5c90000 - 0x00007fffd5c9a000 	C:\WINDOWS\SYSTEM32\VERSION.dll
0x00007fffd8fa0000 - 0x00007fffd8fd1000 	C:\WINDOWS\System32\IMM32.DLL
0x00007fffd4d20000 - 0x00007fffd4d2c000 	C:\Users\KraftWork\Desktop\jdk-17.0.9\bin\vcruntime140_1.dll
0x00007fffbf000000 - 0x00007fffbf08e000 	C:\Users\KraftWork\Desktop\jdk-17.0.9\bin\msvcp140.dll
0x00007fff009c0000 - 0x00007fff015a1000 	C:\Users\KraftWork\Desktop\jdk-17.0.9\bin\server\jvm.dll
0x00007fffd9560000 - 0x00007fffd9568000 	C:\WINDOWS\System32\PSAPI.DLL
0x00007fffb4300000 - 0x00007fffb4309000 	C:\WINDOWS\SYSTEM32\WSOCK32.dll
0x00007fffd1e00000 - 0x00007fffd1e34000 	C:\WINDOWS\SYSTEM32\WINMM.dll
0x00007fffd8d30000 - 0x00007fffd8da1000 	C:\WINDOWS\System32\WS2_32.dll
0x00007fffd70c0000 - 0x00007fffd70d8000 	C:\WINDOWS\SYSTEM32\kernel.appcore.dll
0x00007fffd1f50000 - 0x00007fffd1f5a000 	C:\Users\KraftWork\Desktop\jdk-17.0.9\bin\jimage.dll
0x00007fffd0fb0000 - 0x00007fffd11e2000 	C:\WINDOWS\SYSTEM32\DBGHELP.DLL
0x00007fffd9f40000 - 0x00007fffda2ce000 	C:\WINDOWS\System32\combase.dll
0x00007fffd9a90000 - 0x00007fffd9b67000 	C:\WINDOWS\System32\OLEAUT32.dll
0x00007fffd0e30000 - 0x00007fffd0e62000 	C:\WINDOWS\SYSTEM32\dbgcore.DLL
0x00007fffd8780000 - 0x00007fffd87fb000 	C:\WINDOWS\System32\bcryptPrimitives.dll
0x00007fffd1560000 - 0x00007fffd156e000 	C:\Users\KraftWork\Desktop\jdk-17.0.9\bin\instrument.dll
0x00007fffce6c0000 - 0x00007fffce6e5000 	C:\Users\KraftWork\Desktop\jdk-17.0.9\bin\java.dll
0x00007fff684b0000 - 0x00007fff68587000 	C:\Users\KraftWork\Desktop\jdk-17.0.9\bin\jsvml.dll
0x00007fffda380000 - 0x00007fffdabe7000 	C:\WINDOWS\System32\SHELL32.dll
0x00007fffd5fe0000 - 0x00007fffd68df000 	C:\WINDOWS\SYSTEM32\windows.storage.dll
0x00007fffd5ea0000 - 0x00007fffd5fdf000 	C:\WINDOWS\SYSTEM32\wintypes.dll
0x00007fffd8db0000 - 0x00007fffd8ea9000 	C:\WINDOWS\System32\SHCORE.dll
0x00007fffd9b70000 - 0x00007fffd9bce000 	C:\WINDOWS\System32\shlwapi.dll
0x00007fffd7fe0000 - 0x00007fffd8007000 	C:\WINDOWS\SYSTEM32\profapi.dll
0x00007fffc3350000 - 0x00007fffc3368000 	C:\Users\KraftWork\Desktop\jdk-17.0.9\bin\zip.dll
0x00007fffc30a0000 - 0x00007fffc30b9000 	C:\Users\KraftWork\Desktop\jdk-17.0.9\bin\net.dll
0x00007fffd5ca0000 - 0x00007fffd5dd6000 	C:\WINDOWS\SYSTEM32\WINHTTP.dll
0x00007fffd7520000 - 0x00007fffd7589000 	C:\WINDOWS\system32\mswsock.dll
0x00007fffc3040000 - 0x00007fffc3056000 	C:\Users\KraftWork\Desktop\jdk-17.0.9\bin\nio.dll
0x00007fffc0460000 - 0x00007fffc047a000 	C:\Program Files\JetBrains\IntelliJ IDEA Community Edition 2024.1.1\bin\breakgen64.dll

dbghelp: loaded successfully - version: 4.0.5 - missing functions: none
symbol engine: initialized successfully - sym options: 0x614 - pdb path: .;C:\Users\KraftWork\Desktop\jdk-17.0.9\bin;C:\WINDOWS\SYSTEM32;C:\WINDOWS\WinSxS\amd64_microsoft.windows.common-controls_6595b64144ccf1df_6.0.22621.3672_none_2713b9d173822955;C:\Users\KraftWork\Desktop\jdk-17.0.9\bin\server;C:\Program Files\JetBrains\IntelliJ IDEA Community Edition 2024.1.1\bin

VM Arguments:
jvm_args: -Dmaven.multiModuleProjectDirectory=C:\Users\KraftWork\Desktop\SPBWS\Spring_L\microservicesdemo\rating-data-service -Djansi.passthrough=true -Dmaven.home=C:\Users\KraftWork\.m2\wrapper\dists\apache-maven-3.9.7-bin\3k9n615lchs6mp84v355m633uo\apache-maven-3.9.7 -Dclassworlds.conf=C:\Users\KraftWork\.m2\wrapper\dists\apache-maven-3.9.7-bin\3k9n615lchs6mp84v355m633uo\apache-maven-3.9.7\bin\m2.conf -Dmaven.ext.class.path=C:\Program Files\JetBrains\IntelliJ IDEA Community Edition 2024.1.1\plugins\maven\lib\maven-event-listener.jar -javaagent:C:\Program Files\JetBrains\IntelliJ IDEA Community Edition 2024.1.1\lib\idea_rt.jar=55922:C:\Program Files\JetBrains\IntelliJ IDEA Community Edition 2024.1.1\bin -Dfile.encoding=UTF-8 
java_command: org.codehaus.classworlds.Launcher -Didea.version=2024.1.1 spring-boot:run
java_class_path (initial): C:\Users\KraftWork\.m2\wrapper\dists\apache-maven-3.9.7-bin\3k9n615lchs6mp84v355m633uo\apache-maven-3.9.7\boot\plexus-classworlds-2.8.0.jar;C:\Users\KraftWork\.m2\wrapper\dists\apache-maven-3.9.7-bin\3k9n615lchs6mp84v355m633uo\apache-maven-3.9.7\boot\plexus-classworlds.license
Launcher Type: SUN_STANDARD

[Global flags]
     intx CICompilerCount                          = 4                                         {product} {ergonomic}
     uint ConcGCThreads                            = 2                                         {product} {ergonomic}
     uint G1ConcRefinementThreads                  = 8                                         {product} {ergonomic}
   size_t G1HeapRegionSize                         = 1048576                                   {product} {ergonomic}
    uintx GCDrainStackTargetSize                   = 64                                        {product} {ergonomic}
   size_t InitialHeapSize                          = 134217728                                 {product} {ergonomic}
   size_t MarkStackSize                            = 4194304                                   {product} {ergonomic}
   size_t MaxHeapSize                              = 2116026368                                {product} {ergonomic}
   size_t MaxNewSize                               = 1268776960                                {product} {ergonomic}
   size_t MinHeapDeltaBytes                        = 1048576                                   {product} {ergonomic}
   size_t MinHeapSize                              = 8388608                                   {product} {ergonomic}
    uintx NonNMethodCodeHeapSize                   = 5839372                                {pd product} {ergonomic}
    uintx NonProfiledCodeHeapSize                  = 122909434                              {pd product} {ergonomic}
    uintx ProfiledCodeHeapSize                     = 122909434                              {pd product} {ergonomic}
    uintx ReservedCodeCacheSize                    = 251658240                              {pd product} {ergonomic}
     bool SegmentedCodeCache                       = true                                      {product} {ergonomic}
   size_t SoftMaxHeapSize                          = 2116026368                             {manageable} {ergonomic}
     bool UseCompressedClassPointers               = true                           {product lp64_product} {ergonomic}
     bool UseCompressedOops                        = true                           {product lp64_product} {ergonomic}
     bool UseG1GC                                  = true                                      {product} {ergonomic}
     bool UseLargePagesIndividualAllocation        = false                                  {pd product} {ergonomic}

Logging:
Log output configuration:
 #0: stdout all=warning uptime,level,tags
 #1: stderr all=off uptime,level,tags

Environment Variables:
PATH=C:\WINDOWS\system32;C:\WINDOWS;C:\WINDOWS\System32\Wbem;C:\WINDOWS\System32\WindowsPowerShell\v1.0\;C:\WINDOWS\System32\OpenSSH\;C:\Users\KraftWork\xampp;C:\Users\KraftWork\xampp\htdocs;C:\xampp;C:\xampp\php;C:\ProgramData\ComposerSetup\bin;C:\Users\KraftWork\Desktop\apache-maven-3.9.4;C:\Users\KraftWork\Desktop\jdk-17.0.9\bin;C:\Program Files\Cloudflare\Cloudflare WARP\;C:\Program Files\Microsoft SQL Server\Client SDK\ODBC\170\Tools\Binn\;C:\Program Files\dotnet\;C:\Program Files (x86)\Microsoft SQL Server\160\DTS\Binn\;C:\Users\KraftWork\Downloads\apache-maven-3.9.8-bin\apache-maven-3.9.8\lib;C:\Program Files\nodejs\;C:\Program Files\GitAdmin\cmd;C:\Users\KraftWork\Downloads\go1.22.6.windows-amd64\go\bin;C:\Users\KraftWork\Documents\ffmpeg\ffmpeg-7.0.2-essentials_build\bin;C:\Program Files\OpenSSL-Win64\bin;;C:\Program Files\Docker\Docker\resources\bin;C:\xampp\php;C:\Users\KraftWork\AppData\Local\Microsoft\WindowsApps;C:\Users\KraftWork\AppData\Local\Programs\Microsoft VS Code\bin;C:\Users\KraftWork\xampp\phpMyAdmin\vendor\composer;C:\Users\KraftWork\Downloads\unzip-5.51-1-bin;C:\ProgramData\Microsoft\Windows\Start Menu\Programs\Node.js;C:\Users\KraftWork\AppData\Local\Programs\Git\cmd;C:\Users\KraftWork\xampp\htdocs;C:\Users\KraftWork\AppData\Local\ComposerSetup\bin;C:\Users\KraftWork\AppData\Roaming\Composer\vendor\bin;C:\Program Files\Java\bin;C:\Users\KraftWork\tools;C:\Program Files\MySQL\MySQL Server 8.0\bin;C:\Users\KraftWork\AppData\Local\GitHubDesktop\bin;C:\Users\KraftWork\.dotnet\tools;C:\Users\KraftWork\AppData\Roaming\npm
USERNAME=KraftWork
OS=Windows_NT
PROCESSOR_IDENTIFIER=Intel64 Family 6 Model 142 Stepping 10, GenuineIntel



---------------  S Y S T E M  ---------------

OS:
 Windows 11 , 64 bit Build 22621 (10.0.22621.3958)
OS uptime: 1 days 2:33 hours
Hyper-V role detected

CPU: total 8 (initial active 8) (4 cores per cpu, 2 threads per core) family 6 model 142 stepping 10 microcode 0xea, cx8, cmov, fxsr, ht, mmx, 3dnowpref, sse, sse2, sse3, ssse3, sse4.1, sse4.2, popcnt, lzcnt, tsc, tscinvbit, avx, avx2, aes, erms, clmul, bmi1, bmi2, adx, fma, vzeroupper, clflush, clflushopt, hv

Memory: 4k page, system-wide physical 8070M (301M free)
TotalPageFile size 32646M (AvailPageFile size 2M)
current process WorkingSet (physical memory assigned to process): 43M, peak: 43M
current process commit charge ("private bytes"): 214M, peak: 214M

vm_info: Java HotSpot(TM) 64-Bit Server VM (17.0.9+11-LTS-201) for windows-amd64 JRE (17.0.9+11-LTS-201), built on Oct 10 2023 23:16:06 by "mach5one" with MS VC++ 17.1 (VS2022)

END.
